[2026-03-14 20:13:23] 
╔══════════════════════════════════════════════════════════════════════════════╗
║                                                                              ║
║          MARCH MACHINE LEARNING MANIA 2026 - PIPELINE RUNNER                 ║
║                                                                              ║
║   Based on analysis of winning solutions from recent competitions            ║
║   Using: Bradley-Terry + Elo + GLM Quality + XGBoost                         ║
║                                                                              ║
╚══════════════════════════════════════════════════════════════════════════════╝

[2026-03-14 20:13:23] Pipeline started at 2026-03-14 20:13:23
[2026-03-14 20:13:23] Project directory: /Users/rafeburns/Downloads/MMML26
[2026-03-14 20:13:23] Output directory: /Users/rafeburns/Downloads/MMML26/outputs
[2026-03-14 20:13:23] Running phases 1 through 5
[2026-03-14 20:13:23] 
[1/5] Phase 1: Data Preparation
[2026-03-14 20:13:23] 
======================================================================
[2026-03-14 20:13:23] STARTING: Phase 1: Data Preparation
[2026-03-14 20:13:23] Script: 01_data_preparation.py
[2026-03-14 20:13:23] ======================================================================
[2026-03-14 20:14:00] 
======================================================================
[2026-03-14 20:14:00] COMPLETED: Phase 1: Data Preparation
[2026-03-14 20:14:00] Elapsed time: 37.2 seconds
[2026-03-14 20:14:00] ======================================================================
[2026-03-14 20:14:00] 
[2/5] Phase 2: Team Strength Ratings
[2026-03-14 20:14:00] 
======================================================================
[2026-03-14 20:14:00] STARTING: Phase 2: Team Strength Ratings
[2026-03-14 20:14:00] Script: 02_team_strength_ratings.py
[2026-03-14 20:14:00] ======================================================================
[2026-03-14 20:21:46] 
======================================================================
[2026-03-14 20:21:46] FAILED: Phase 2: Team Strength Ratings
[2026-03-14 20:21:46] Exit code: 1
[2026-03-14 20:21:46] Elapsed time: 465.7 seconds
[2026-03-14 20:21:46] ======================================================================
[2026-03-14 20:21:46] 
Pipeline stopped due to failure in Phase 2: Team Strength Ratings
[2026-03-14 20:21:46] 
======================================================================
[2026-03-14 20:21:46] PIPELINE SUMMARY
[2026-03-14 20:21:46] ======================================================================
[2026-03-14 20:21:46] 
Phases run: 2
[2026-03-14 20:21:46] Successful: 1
[2026-03-14 20:21:46] Failed: 1
[2026-03-14 20:21:46] Total time: 502.9 seconds (8.4 minutes)
[2026-03-14 20:21:46] 
Pipeline completed with errors. Check individual phase logs for details.
[2026-03-14 20:21:46] 
Master log saved to: /Users/rafeburns/Downloads/MMML26/outputs/00_master_pipeline.log
[2026-03-14 20:23:07] 
╔══════════════════════════════════════════════════════════════════════════════╗
║                                                                              ║
║          MARCH MACHINE LEARNING MANIA 2026 - PIPELINE RUNNER                 ║
║                                                                              ║
║   Based on analysis of winning solutions from recent competitions            ║
║   Using: Bradley-Terry + Elo + GLM Quality + XGBoost                         ║
║                                                                              ║
╚══════════════════════════════════════════════════════════════════════════════╝

[2026-03-14 20:23:07] Pipeline started at 2026-03-14 20:23:07
[2026-03-14 20:23:07] Project directory: /Users/rafeburns/Downloads/MMML26
[2026-03-14 20:23:07] Output directory: /Users/rafeburns/Downloads/MMML26/outputs
[2026-03-14 20:23:07] Running phases 2 through 5
[2026-03-14 20:23:07] 
[2/5] Phase 2: Team Strength Ratings
[2026-03-14 20:23:07] 
======================================================================
[2026-03-14 20:23:07] STARTING: Phase 2: Team Strength Ratings
[2026-03-14 20:23:07] Script: 02_team_strength_ratings.py
[2026-03-14 20:23:07] ======================================================================
[2026-03-14 20:31:25] 
======================================================================
[2026-03-14 20:31:25] COMPLETED: Phase 2: Team Strength Ratings
[2026-03-14 20:31:25] Elapsed time: 497.6 seconds
[2026-03-14 20:31:25] ======================================================================
[2026-03-14 20:31:25] 
[3/5] Phase 3: Feature Engineering
[2026-03-14 20:31:25] 
======================================================================
[2026-03-14 20:31:25] STARTING: Phase 3: Feature Engineering
[2026-03-14 20:31:25] Script: 03_feature_engineering.py
[2026-03-14 20:31:25] ======================================================================
[2026-03-14 20:31:56] 
======================================================================
[2026-03-14 20:31:56] COMPLETED: Phase 3: Feature Engineering
[2026-03-14 20:31:56] Elapsed time: 31.0 seconds
[2026-03-14 20:31:56] ======================================================================
[2026-03-14 20:31:56] 
[4/5] Phase 4: Model Training
[2026-03-14 20:31:56] 
======================================================================
[2026-03-14 20:31:56] STARTING: Phase 4: Model Training
[2026-03-14 20:31:56] Script: 04_model_training.py
[2026-03-14 20:31:56] ======================================================================
[2026-03-14 20:32:51] 
======================================================================
[2026-03-14 20:32:51] COMPLETED: Phase 4: Model Training
[2026-03-14 20:32:51] Elapsed time: 55.5 seconds
[2026-03-14 20:32:51] ======================================================================
[2026-03-14 20:32:51] 
[5/5] Phase 5: Calibration & Submission
[2026-03-14 20:32:51] 
======================================================================
[2026-03-14 20:32:51] STARTING: Phase 5: Calibration & Submission
[2026-03-14 20:32:51] Script: 05_calibration_submission.py
[2026-03-14 20:32:51] ======================================================================
[2026-03-14 20:42:54] 
======================================================================
[2026-03-14 20:42:54] FAILED: Phase 5: Calibration & Submission
[2026-03-14 20:42:54] Exit code: -15
[2026-03-14 20:42:54] Elapsed time: 602.8 seconds
[2026-03-14 20:42:54] ======================================================================
[2026-03-14 20:42:54] 
Pipeline stopped due to failure in Phase 5: Calibration & Submission
