[2026-03-14 20:23:08] 
======================================================================
                    PHASE 2: TEAM STRENGTH RATINGS                    
======================================================================
[2026-03-14 20:23:08] 
======================================================================
                        Loading Processed Data                        
======================================================================
[2026-03-14 20:23:12] Loaded regular_sym: 421,608 records
[2026-03-14 20:23:12] Loaded regular_results: 210,804 games
[2026-03-14 20:23:12] Loaded seeds: 4,370 entries
[2026-03-14 20:23:12] 
Seasons to process: [2003, 2004, 2005, 2006, 2007, 2008, 2009, 2010, 2011, 2012, 2013, 2014, 2015, 2016, 2017, 2018, 2019, 2020, 2021, 2022, 2023, 2024, 2025, 2026]
[2026-03-14 20:23:12] Genders in data: ['M', 'W']
[2026-03-14 20:23:12] NOTE: Men's and Women's ratings computed SEPARATELY
[2026-03-14 20:23:12] 
======================================================================
       Computing Bradley-Terry Ratings (per season, per gender)       
======================================================================
[2026-03-14 20:23:12] 
Season 2003 - M:
[2026-03-14 20:23:12]   Games: 4,616
[2026-03-14 20:23:14]   Building design matrix for 327 teams, 4616 games...
[2026-03-14 20:23:14]   Fitting Ridge regression (alpha=1.0)...
[2026-03-14 20:23:14]   Home court advantage: 4.39 points
[2026-03-14 20:23:14]   Strength range: -23.52 to 21.30
[2026-03-14 20:23:14] 
  Top 5 teams by Bradley-Terry strength (M):
[2026-03-14 20:23:14]      1. Team 1242: 21.30
[2026-03-14 20:23:14]      2. Team 1112: 20.39
[2026-03-14 20:23:14]      3. Team 1246: 20.11
[2026-03-14 20:23:14]      4. Team 1338: 18.80
[2026-03-14 20:23:14]      5. Team 1257: 17.67
[2026-03-14 20:23:14] 
Season 2003 - W:
[2026-03-14 20:23:14]   No games found, skipping
[2026-03-14 20:23:14] 
Season 2004 - M:
[2026-03-14 20:23:14]   Games: 4,571
[2026-03-14 20:23:14]   Building design matrix for 326 teams, 4571 games...
[2026-03-14 20:23:15]   Fitting Ridge regression (alpha=1.0)...
[2026-03-14 20:23:15]   Home court advantage: 4.22 points
[2026-03-14 20:23:15]   Strength range: -26.00 to 22.69
[2026-03-14 20:23:15] 
  Top 5 teams by Bradley-Terry strength (M):
[2026-03-14 20:23:15]      1. Team 1181: 22.69
[2026-03-14 20:23:15]      2. Team 1386: 19.50
[2026-03-14 20:23:15]      3. Team 1163: 18.88
[2026-03-14 20:23:15]      4. Team 1210: 18.72
[2026-03-14 20:23:15]      5. Team 1211: 18.26
[2026-03-14 20:23:15] 
Season 2004 - W:
[2026-03-14 20:23:15]   No games found, skipping
[2026-03-14 20:23:15] 
Season 2005 - M:
[2026-03-14 20:23:15]   Games: 4,675
[2026-03-14 20:23:15]   Building design matrix for 330 teams, 4675 games...
[2026-03-14 20:23:15]   Fitting Ridge regression (alpha=1.0)...
[2026-03-14 20:23:15]   Home court advantage: 4.25 points
[2026-03-14 20:23:15]   Strength range: -28.69 to 25.61
[2026-03-14 20:23:15] 
  Top 5 teams by Bradley-Terry strength (M):
[2026-03-14 20:23:15]      1. Team 1314: 25.61
[2026-03-14 20:23:15]      2. Team 1181: 21.45
[2026-03-14 20:23:15]      3. Team 1228: 21.03
[2026-03-14 20:23:15]      4. Team 1257: 20.28
[2026-03-14 20:23:15]      5. Team 1329: 19.61
[2026-03-14 20:23:15] 
Season 2005 - W:
[2026-03-14 20:23:15]   No games found, skipping
[2026-03-14 20:23:15] 
Season 2006 - M:
[2026-03-14 20:23:15]   Games: 4,757
[2026-03-14 20:23:15]   Building design matrix for 334 teams, 4757 games...
[2026-03-14 20:23:15]   Fitting Ridge regression (alpha=1.0)...
[2026-03-14 20:23:15]   Home court advantage: 3.86 points
[2026-03-14 20:23:15]   Strength range: -28.64 to 21.03
[2026-03-14 20:23:15] 
  Top 5 teams by Bradley-Terry strength (M):
[2026-03-14 20:23:15]      1. Team 1181: 21.03
[2026-03-14 20:23:15]      2. Team 1400: 20.22
[2026-03-14 20:23:15]      3. Team 1163: 19.78
[2026-03-14 20:23:16]      4. Team 1437: 18.19
[2026-03-14 20:23:16]      5. Team 1242: 17.68
[2026-03-14 20:23:16] 
Season 2006 - W:
[2026-03-14 20:23:16]   No games found, skipping
[2026-03-14 20:23:16] 
Season 2007 - M:
[2026-03-14 20:23:16]   Games: 5,043
[2026-03-14 20:23:16]   Building design matrix for 336 teams, 5043 games...
[2026-03-14 20:23:16]   Fitting Ridge regression (alpha=1.0)...
[2026-03-14 20:23:16]   Home court advantage: 4.11 points
[2026-03-14 20:23:16]   Strength range: -19.29 to 24.73
[2026-03-14 20:23:16] 
  Top 5 teams by Bradley-Terry strength (M):
[2026-03-14 20:23:16]      1. Team 1314: 24.73
[2026-03-14 20:23:16]      2. Team 1196: 21.23
[2026-03-14 20:23:16]      3. Team 1242: 20.95
[2026-03-14 20:23:16]      4. Team 1401: 19.71
[2026-03-14 20:23:16]      5. Team 1326: 18.96
[2026-03-14 20:23:16] 
Season 2007 - W:
[2026-03-14 20:23:16]   No games found, skipping
[2026-03-14 20:23:16] 
Season 2008 - M:
[2026-03-14 20:23:16]   Games: 5,163
[2026-03-14 20:23:16]   Building design matrix for 342 teams, 5163 games...
[2026-03-14 20:23:16]   Fitting Ridge regression (alpha=1.0)...
[2026-03-14 20:23:16]   Home court advantage: 4.14 points
[2026-03-14 20:23:16]   Strength range: -23.57 to 24.61
[2026-03-14 20:23:16] 
  Top 5 teams by Bradley-Terry strength (M):
[2026-03-14 20:23:16]      1. Team 1242: 24.61
[2026-03-14 20:23:16]      2. Team 1314: 21.57
[2026-03-14 20:23:16]      3. Team 1272: 20.99
[2026-03-14 20:23:16]      4. Team 1181: 20.81
[2026-03-14 20:23:16]      5. Team 1417: 20.16
[2026-03-14 20:23:16] 
Season 2008 - W:
[2026-03-14 20:23:16]   No games found, skipping
[2026-03-14 20:23:16] 
Season 2009 - M:
[2026-03-14 20:23:16]   Games: 5,249
[2026-03-14 20:23:16]   Building design matrix for 347 teams, 5249 games...
[2026-03-14 20:23:17]   Fitting Ridge regression (alpha=1.0)...
[2026-03-14 20:23:17]   Home court advantage: 3.63 points
[2026-03-14 20:23:17]   Strength range: -22.89 to 22.35
[2026-03-14 20:23:17] 
  Top 5 teams by Bradley-Terry strength (M):
[2026-03-14 20:23:17]      1. Team 1314: 22.35
[2026-03-14 20:23:17]      2. Team 1272: 20.26
[2026-03-14 20:23:17]      3. Team 1338: 19.79
[2026-03-14 20:23:17]      4. Team 1163: 19.23
[2026-03-14 20:23:17]      5. Team 1211: 19.21
[2026-03-14 20:23:17] 
Season 2009 - W:
[2026-03-14 20:23:17]   No games found, skipping
[2026-03-14 20:23:17] 
Season 2010 - M:
[2026-03-14 20:23:17]   Games: 5,263
[2026-03-14 20:23:17]   Building design matrix for 347 teams, 5263 games...
[2026-03-14 20:23:17]   Fitting Ridge regression (alpha=1.0)...
[2026-03-14 20:23:17]   Home court advantage: 3.75 points
[2026-03-14 20:23:17]   Strength range: -25.47 to 24.10
[2026-03-14 20:23:17] 
  Top 5 teams by Bradley-Terry strength (M):
[2026-03-14 20:23:17]      1. Team 1242: 24.10
[2026-03-14 20:23:17]      2. Team 1181: 23.32
[2026-03-14 20:23:17]      3. Team 1393: 19.91
[2026-03-14 20:23:17]      4. Team 1140: 18.79
[2026-03-14 20:23:17]      5. Team 1246: 18.58
[2026-03-14 20:23:17] 
Season 2010 - W:
[2026-03-14 20:23:17]   Games: 5,037
[2026-03-14 20:23:17]   Building design matrix for 343 teams, 5037 games...
[2026-03-14 20:23:17]   Fitting Ridge regression (alpha=1.0)...
[2026-03-14 20:23:18]   Home court advantage: 3.71 points
[2026-03-14 20:23:18]   Strength range: -32.50 to 45.65
[2026-03-14 20:23:18] 
  Top 5 teams by Bradley-Terry strength (W):
[2026-03-14 20:23:18]      1. Team 3163: 45.65
[2026-03-14 20:23:18]      2. Team 3390: 34.47
[2026-03-14 20:23:18]      3. Team 3397: 30.24
[2026-03-14 20:23:18]      4. Team 3304: 28.83
[2026-03-14 20:23:18]      5. Team 3401: 27.58
[2026-03-14 20:23:18] 
Season 2011 - M:
[2026-03-14 20:23:18]   Games: 5,246
[2026-03-14 20:23:18]   Building design matrix for 345 teams, 5246 games...
[2026-03-14 20:23:18]   Fitting Ridge regression (alpha=1.0)...
[2026-03-14 20:23:18]   Home court advantage: 3.65 points
[2026-03-14 20:23:18]   Strength range: -24.60 to 22.66
[2026-03-14 20:23:18] 
  Top 5 teams by Bradley-Terry strength (M):
[2026-03-14 20:23:18]      1. Team 1326: 22.66
[2026-03-14 20:23:18]      2. Team 1181: 22.35
[2026-03-14 20:23:18]      3. Team 1242: 22.28
[2026-03-14 20:23:18]      4. Team 1400: 18.87
[2026-03-14 20:23:18]      5. Team 1338: 18.54
[2026-03-14 20:23:18] 
Season 2011 - W:
[2026-03-14 20:23:18]   Games: 5,084
[2026-03-14 20:23:18]   Building design matrix for 343 teams, 5084 games...
[2026-03-14 20:23:18]   Fitting Ridge regression (alpha=1.0)...
[2026-03-14 20:23:18]   Home court advantage: 3.66 points
[2026-03-14 20:23:18]   Strength range: -31.63 to 41.33
[2026-03-14 20:23:18] 
  Top 5 teams by Bradley-Terry strength (W):
[2026-03-14 20:23:18]      1. Team 3163: 41.33
[2026-03-14 20:23:18]      2. Team 3124: 37.98
[2026-03-14 20:23:18]      3. Team 3390: 36.62
[2026-03-14 20:23:18]      4. Team 3401: 35.10
[2026-03-14 20:23:18]      5. Team 3397: 34.80
[2026-03-14 20:23:18] 
Season 2012 - M:
[2026-03-14 20:23:18]   Games: 5,253
[2026-03-14 20:23:18]   Building design matrix for 345 teams, 5253 games...
[2026-03-14 20:23:19]   Fitting Ridge regression (alpha=1.0)...
[2026-03-14 20:23:19]   Home court advantage: 3.82 points
[2026-03-14 20:23:19]   Strength range: -22.49 to 21.74
[2026-03-14 20:23:19] 
  Top 5 teams by Bradley-Terry strength (M):
[2026-03-14 20:23:19]      1. Team 1246: 21.74
[2026-03-14 20:23:19]      2. Team 1326: 21.44
[2026-03-14 20:23:19]      3. Team 1277: 19.64
[2026-03-14 20:23:19]      4. Team 1314: 19.60
[2026-03-14 20:23:19]      5. Team 1242: 19.27
[2026-03-14 20:23:19] 
Season 2012 - W:
[2026-03-14 20:23:19]   Games: 5,050
[2026-03-14 20:23:19]   Building design matrix for 342 teams, 5050 games...
[2026-03-14 20:23:19]   Fitting Ridge regression (alpha=1.0)...
[2026-03-14 20:23:19]   Home court advantage: 3.46 points
[2026-03-14 20:23:19]   Strength range: -33.37 to 42.28
[2026-03-14 20:23:19] 
  Top 5 teams by Bradley-Terry strength (W):
[2026-03-14 20:23:19]      1. Team 3163: 42.28
[2026-03-14 20:23:19]      2. Team 3124: 39.59
[2026-03-14 20:23:19]      3. Team 3323: 39.15
[2026-03-14 20:23:19]      4. Team 3390: 31.59
[2026-03-14 20:23:19]      5. Team 3181: 29.85
[2026-03-14 20:23:19] 
Season 2013 - M:
[2026-03-14 20:23:19]   Games: 5,320
[2026-03-14 20:23:19]   Building design matrix for 347 teams, 5320 games...
[2026-03-14 20:23:20]   Fitting Ridge regression (alpha=1.0)...
[2026-03-14 20:23:20]   Home court advantage: 3.68 points
[2026-03-14 20:23:20]   Strength range: -31.41 to 22.62
[2026-03-14 20:23:20] 
  Top 5 teams by Bradley-Terry strength (M):
[2026-03-14 20:23:20]      1. Team 1231: 22.62
[2026-03-14 20:23:20]      2. Team 1196: 22.33
[2026-03-14 20:23:20]      3. Team 1257: 21.65
[2026-03-14 20:23:20]      4. Team 1211: 19.72
[2026-03-14 20:23:20]      5. Team 1181: 18.91
[2026-03-14 20:23:20] 
Season 2013 - W:
[2026-03-14 20:23:20]   Games: 5,184
[2026-03-14 20:23:20]   Building design matrix for 345 teams, 5184 games...
[2026-03-14 20:23:21]   Fitting Ridge regression (alpha=1.0)...
[2026-03-14 20:23:21]   Home court advantage: 3.31 points
[2026-03-14 20:23:21]   Strength range: -29.37 to 44.61
[2026-03-14 20:23:21] 
  Top 5 teams by Bradley-Terry strength (W):
[2026-03-14 20:23:21]      1. Team 3163: 44.61
[2026-03-14 20:23:21]      2. Team 3124: 39.81
[2026-03-14 20:23:21]      3. Team 3323: 34.88
[2026-03-14 20:23:21]      4. Team 3181: 31.81
[2026-03-14 20:23:21]      5. Team 3390: 29.19
[2026-03-14 20:23:21] 
Season 2014 - M:
[2026-03-14 20:23:21]   Games: 5,362
[2026-03-14 20:23:21]   Building design matrix for 351 teams, 5362 games...
[2026-03-14 20:23:21]   Fitting Ridge regression (alpha=1.0)...
[2026-03-14 20:23:21]   Home court advantage: 3.24 points
[2026-03-14 20:23:21]   Strength range: -20.51 to 23.14
[2026-03-14 20:23:21] 
  Top 5 teams by Bradley-Terry strength (M):
[2026-03-14 20:23:21]      1. Team 1257: 23.14
[2026-03-14 20:23:21]      2. Team 1112: 21.24
[2026-03-14 20:23:21]      3. Team 1242: 18.36
[2026-03-14 20:23:21]      4. Team 1196: 18.34
[2026-03-14 20:23:21]      5. Team 1437: 17.72
[2026-03-14 20:23:21] 
Season 2014 - W:
[2026-03-14 20:23:21]   Games: 5,252
[2026-03-14 20:23:21]   Building design matrix for 349 teams, 5252 games...
[2026-03-14 20:23:22]   Fitting Ridge regression (alpha=1.0)...
[2026-03-14 20:23:22]   Home court advantage: 3.27 points
[2026-03-14 20:23:22]   Strength range: -35.46 to 44.46
[2026-03-14 20:23:22] 
  Top 5 teams by Bradley-Terry strength (W):
[2026-03-14 20:23:22]      1. Team 3163: 44.46
[2026-03-14 20:23:22]      2. Team 3323: 38.28
[2026-03-14 20:23:22]      3. Team 3181: 31.34
[2026-03-14 20:23:22]      4. Team 3124: 30.57
[2026-03-14 20:23:22]      5. Team 3268: 29.69
[2026-03-14 20:23:22] 
Season 2015 - M:
[2026-03-14 20:23:22]   Games: 5,354
[2026-03-14 20:23:22]   Building design matrix for 351 teams, 5354 games...
[2026-03-14 20:23:22]   Fitting Ridge regression (alpha=1.0)...
[2026-03-14 20:23:22]   Home court advantage: 3.37 points
[2026-03-14 20:23:22]   Strength range: -26.65 to 26.07
[2026-03-14 20:23:22] 
  Top 5 teams by Bradley-Terry strength (M):
[2026-03-14 20:23:22]      1. Team 1246: 26.07
[2026-03-14 20:23:22]      2. Team 1458: 22.23
[2026-03-14 20:23:22]      3. Team 1112: 22.08
[2026-03-14 20:23:22]      4. Team 1181: 21.36
[2026-03-14 20:23:22]      5. Team 1437: 20.83
[2026-03-14 20:23:22] 
Season 2015 - W:
[2026-03-14 20:23:22]   Games: 5,214
[2026-03-14 20:23:22]   Building design matrix for 349 teams, 5214 games...
[2026-03-14 20:23:22]   Fitting Ridge regression (alpha=1.0)...
[2026-03-14 20:23:22]   Home court advantage: 3.26 points
[2026-03-14 20:23:22]   Strength range: -24.21 to 48.51
[2026-03-14 20:23:22] 
  Top 5 teams by Bradley-Terry strength (W):
[2026-03-14 20:23:22]      1. Team 3163: 48.51
[2026-03-14 20:23:22]      2. Team 3323: 33.49
[2026-03-14 20:23:22]      3. Team 3376: 32.11
[2026-03-14 20:23:22]      4. Team 3268: 28.79
[2026-03-14 20:23:22]      5. Team 3124: 28.45
[2026-03-14 20:23:22] 
Season 2016 - M:
[2026-03-14 20:23:22]   Games: 5,369
[2026-03-14 20:23:22]   Building design matrix for 351 teams, 5369 games...
[2026-03-14 20:23:23]   Fitting Ridge regression (alpha=1.0)...
[2026-03-14 20:23:23]   Home court advantage: 3.42 points
[2026-03-14 20:23:23]   Strength range: -19.17 to 21.23
[2026-03-14 20:23:23] 
  Top 5 teams by Bradley-Terry strength (M):
[2026-03-14 20:23:23]      1. Team 1242: 21.23
[2026-03-14 20:23:23]      2. Team 1277: 21.11
[2026-03-14 20:23:23]      3. Team 1452: 20.19
[2026-03-14 20:23:23]      4. Team 1314: 19.98
[2026-03-14 20:23:23]      5. Team 1438: 19.13
[2026-03-14 20:23:23] 
Season 2016 - W:
[2026-03-14 20:23:23]   Games: 5,209
[2026-03-14 20:23:23]   Building design matrix for 349 teams, 5209 games...
[2026-03-14 20:23:23]   Fitting Ridge regression (alpha=1.0)...
[2026-03-14 20:23:23]   Home court advantage: 3.30 points
[2026-03-14 20:23:23]   Strength range: -40.79 to 48.65
[2026-03-14 20:23:23] 
  Top 5 teams by Bradley-Terry strength (W):
[2026-03-14 20:23:23]      1. Team 3163: 48.65
[2026-03-14 20:23:23]      2. Team 3124: 32.61
[2026-03-14 20:23:23]      3. Team 3268: 32.57
[2026-03-14 20:23:23]      4. Team 3323: 31.00
[2026-03-14 20:23:23]      5. Team 3376: 29.09
[2026-03-14 20:23:23] 
Season 2017 - M:
[2026-03-14 20:23:23]   Games: 5,395
[2026-03-14 20:23:23]   Building design matrix for 351 teams, 5395 games...
[2026-03-14 20:23:24]   Fitting Ridge regression (alpha=1.0)...
[2026-03-14 20:23:24]   Home court advantage: 3.06 points
[2026-03-14 20:23:24]   Strength range: -22.46 to 23.92
[2026-03-14 20:23:24] 
  Top 5 teams by Bradley-Terry strength (M):
[2026-03-14 20:23:24]      1. Team 1211: 23.92
[2026-03-14 20:23:24]      2. Team 1314: 22.17
[2026-03-14 20:23:24]      3. Team 1452: 22.05
[2026-03-14 20:23:24]      4. Team 1437: 21.99
[2026-03-14 20:23:24]      5. Team 1246: 21.33
[2026-03-14 20:23:24] 
Season 2017 - W:
[2026-03-14 20:23:24]   Games: 5,210
[2026-03-14 20:23:24]   Building design matrix for 349 teams, 5210 games...
[2026-03-14 20:23:24]   Fitting Ridge regression (alpha=1.0)...
[2026-03-14 20:23:24]   Home court advantage: 3.06 points
[2026-03-14 20:23:24]   Strength range: -28.89 to 43.73
[2026-03-14 20:23:24] 
  Top 5 teams by Bradley-Terry strength (W):
[2026-03-14 20:23:24]      1. Team 3163: 43.73
[2026-03-14 20:23:24]      2. Team 3124: 41.86
[2026-03-14 20:23:24]      3. Team 3376: 32.55
[2026-03-14 20:23:24]      4. Team 3323: 31.50
[2026-03-14 20:23:24]      5. Team 3449: 31.29
[2026-03-14 20:23:24] 
Season 2018 - M:
[2026-03-14 20:23:24]   Games: 5,405
[2026-03-14 20:23:24]   Building design matrix for 351 teams, 5405 games...
[2026-03-14 20:23:24]   Fitting Ridge regression (alpha=1.0)...
[2026-03-14 20:23:24]   Home court advantage: 3.57 points
[2026-03-14 20:23:24]   Strength range: -20.84 to 23.18
[2026-03-14 20:23:24] 
  Top 5 teams by Bradley-Terry strength (M):
[2026-03-14 20:23:24]      1. Team 1437: 23.18
[2026-03-14 20:23:24]      2. Team 1181: 22.18
[2026-03-14 20:23:24]      3. Team 1345: 21.07
[2026-03-14 20:23:24]      4. Team 1438: 20.95
[2026-03-14 20:23:24]      5. Team 1277: 20.44
[2026-03-14 20:23:24] 
Season 2018 - W:
[2026-03-14 20:23:24]   Games: 5,209
[2026-03-14 20:23:24]   Building design matrix for 349 teams, 5209 games...
[2026-03-14 20:23:25]   Fitting Ridge regression (alpha=1.0)...
[2026-03-14 20:23:25]   Home court advantage: 2.83 points
[2026-03-14 20:23:25]   Strength range: -28.98 to 47.25
[2026-03-14 20:23:25] 
  Top 5 teams by Bradley-Terry strength (W):
[2026-03-14 20:23:25]      1. Team 3163: 47.25
[2026-03-14 20:23:25]      2. Team 3124: 40.11
[2026-03-14 20:23:25]      3. Team 3280: 34.88
[2026-03-14 20:23:25]      4. Team 3323: 33.28
[2026-03-14 20:23:25]      5. Team 3257: 30.86
[2026-03-14 20:23:25] 
Season 2019 - M:
[2026-03-14 20:23:25]   Games: 5,463
[2026-03-14 20:23:25]   Building design matrix for 353 teams, 5463 games...
[2026-03-14 20:23:25]   Fitting Ridge regression (alpha=1.0)...
[2026-03-14 20:23:25]   Home court advantage: 3.31 points
[2026-03-14 20:23:25]   Strength range: -22.87 to 26.25
[2026-03-14 20:23:25] 
  Top 5 teams by Bradley-Terry strength (M):
[2026-03-14 20:23:25]      1. Team 1211: 26.25
[2026-03-14 20:23:25]      2. Team 1181: 24.99
[2026-03-14 20:23:25]      3. Team 1438: 23.67
[2026-03-14 20:23:25]      4. Team 1314: 22.37
[2026-03-14 20:23:25]      5. Team 1277: 22.30
[2026-03-14 20:23:25] 
Season 2019 - W:
[2026-03-14 20:23:25]   Games: 5,240
[2026-03-14 20:23:25]   Building design matrix for 351 teams, 5240 games...
[2026-03-14 20:23:26]   Fitting Ridge regression (alpha=1.0)...
[2026-03-14 20:23:26]   Home court advantage: 3.10 points
[2026-03-14 20:23:26]   Strength range: -32.70 to 38.56
[2026-03-14 20:23:26] 
  Top 5 teams by Bradley-Terry strength (W):
[2026-03-14 20:23:26]      1. Team 3323: 38.56
[2026-03-14 20:23:26]      2. Team 3124: 37.41
[2026-03-14 20:23:26]      3. Team 3163: 36.64
[2026-03-14 20:23:26]      4. Team 3280: 36.47
[2026-03-14 20:23:26]      5. Team 3332: 34.15
[2026-03-14 20:23:26] 
Season 2020 - M:
[2026-03-14 20:23:26]   Games: 5,328
[2026-03-14 20:23:26]   Building design matrix for 353 teams, 5328 games...
[2026-03-14 20:23:26]   Fitting Ridge regression (alpha=1.0)...
[2026-03-14 20:23:26]   Home court advantage: 3.54 points
[2026-03-14 20:23:26]   Strength range: -26.22 to 21.58
[2026-03-14 20:23:26] 
  Top 5 teams by Bradley-Terry strength (M):
[2026-03-14 20:23:26]      1. Team 1242: 21.58
[2026-03-14 20:23:26]      2. Team 1211: 20.52
[2026-03-14 20:23:26]      3. Team 1181: 19.51
[2026-03-14 20:23:26]      4. Team 1277: 18.54
[2026-03-14 20:23:26]      5. Team 1124: 17.20
[2026-03-14 20:23:26] 
Season 2020 - W:
[2026-03-14 20:23:26]   Games: 5,171
[2026-03-14 20:23:26]   Building design matrix for 351 teams, 5171 games...
[2026-03-14 20:23:26]   Fitting Ridge regression (alpha=1.0)...
[2026-03-14 20:23:26]   Home court advantage: 2.66 points
[2026-03-14 20:23:26]   Strength range: -28.51 to 39.51
[2026-03-14 20:23:26] 
  Top 5 teams by Bradley-Terry strength (W):
[2026-03-14 20:23:26]      1. Team 3332: 39.51
[2026-03-14 20:23:26]      2. Team 3124: 38.00
[2026-03-14 20:23:26]      3. Team 3376: 37.92
[2026-03-14 20:23:27]      4. Team 3268: 36.28
[2026-03-14 20:23:27]      5. Team 3163: 35.03
[2026-03-14 20:23:27] 
Season 2021 - M:
[2026-03-14 20:23:27]   Games: 3,855
[2026-03-14 20:23:27]   Building design matrix for 347 teams, 3855 games...
[2026-03-14 20:23:27]   Fitting Ridge regression (alpha=1.0)...
[2026-03-14 20:23:27]   Home court advantage: 2.51 points
[2026-03-14 20:23:27]   Strength range: -33.33 to 24.80
[2026-03-14 20:23:27] 
  Top 5 teams by Bradley-Terry strength (M):
[2026-03-14 20:23:27]      1. Team 1211: 24.80
[2026-03-14 20:23:27]      2. Team 1228: 21.21
[2026-03-14 20:23:27]      3. Team 1124: 21.17
[2026-03-14 20:23:27]      4. Team 1222: 19.63
[2026-03-14 20:23:27]      5. Team 1234: 19.57
[2026-03-14 20:23:27] 
Season 2021 - W:
[2026-03-14 20:23:27]   Games: 3,556
[2026-03-14 20:23:27]   Building design matrix for 343 teams, 3556 games...
[2026-03-14 20:23:27]   Fitting Ridge regression (alpha=1.0)...
[2026-03-14 20:23:27]   Home court advantage: 2.23 points
[2026-03-14 20:23:27]   Strength range: -36.34 to 36.97
[2026-03-14 20:23:27] 
  Top 5 teams by Bradley-Terry strength (W):
[2026-03-14 20:23:27]      1. Team 3163: 36.97
[2026-03-14 20:23:27]      2. Team 3390: 36.53
[2026-03-14 20:23:27]      3. Team 3124: 34.07
[2026-03-14 20:23:27]      4. Team 3376: 32.52
[2026-03-14 20:23:27]      5. Team 3268: 30.93
[2026-03-14 20:23:27] 
Season 2022 - M:
[2026-03-14 20:23:27]   Games: 5,345
[2026-03-14 20:23:27]   Building design matrix for 358 teams, 5345 games...
[2026-03-14 20:23:28]   Fitting Ridge regression (alpha=1.0)...
[2026-03-14 20:23:28]   Home court advantage: 2.80 points
[2026-03-14 20:23:28]   Strength range: -21.00 to 24.30
[2026-03-14 20:23:28] 
  Top 5 teams by Bradley-Terry strength (M):
[2026-03-14 20:23:28]      1. Team 1211: 24.30
[2026-03-14 20:23:28]      2. Team 1112: 21.28
[2026-03-14 20:23:28]      3. Team 1222: 20.03
[2026-03-14 20:23:28]      4. Team 1246: 19.43
[2026-03-14 20:23:28]      5. Team 1124: 19.17
[2026-03-14 20:23:28] 
Season 2022 - W:
[2026-03-14 20:23:28]   Games: 5,060
[2026-03-14 20:23:28]   Building design matrix for 356 teams, 5060 games...
[2026-03-14 20:23:28]   Fitting Ridge regression (alpha=1.0)...
[2026-03-14 20:23:28]   Home court advantage: 2.59 points
[2026-03-14 20:23:28]   Strength range: -35.11 to 34.62
[2026-03-14 20:23:28] 
  Top 5 teams by Bradley-Terry strength (W):
[2026-03-14 20:23:28]      1. Team 3376: 34.62
[2026-03-14 20:23:28]      2. Team 3301: 32.26
[2026-03-14 20:23:28]      3. Team 3390: 31.04
[2026-03-14 20:23:28]      4. Team 3163: 29.22
[2026-03-14 20:23:28]      5. Team 3257: 27.67
[2026-03-14 20:23:28] 
Season 2023 - M:
[2026-03-14 20:23:28]   Games: 5,602
[2026-03-14 20:23:28]   Building design matrix for 363 teams, 5602 games...
[2026-03-14 20:23:28]   Fitting Ridge regression (alpha=1.0)...
[2026-03-14 20:23:28]   Home court advantage: 3.57 points
[2026-03-14 20:23:28]   Strength range: -21.40 to 21.01
[2026-03-14 20:23:28] 
  Top 5 teams by Bradley-Terry strength (M):
[2026-03-14 20:23:28]      1. Team 1104: 21.01
[2026-03-14 20:23:28]      2. Team 1222: 20.67
[2026-03-14 20:23:28]      3. Team 1417: 19.29
[2026-03-14 20:23:28]      4. Team 1397: 18.92
[2026-03-14 20:23:28]      5. Team 1163: 18.04
[2026-03-14 20:23:28] 
Season 2023 - W:
[2026-03-14 20:23:28]   Games: 5,374
[2026-03-14 20:23:28]   Building design matrix for 361 teams, 5374 games...
[2026-03-14 20:23:29]   Fitting Ridge regression (alpha=1.0)...
[2026-03-14 20:23:29]   Home court advantage: 2.73 points
[2026-03-14 20:23:29]   Strength range: -35.93 to 42.13
[2026-03-14 20:23:29] 
  Top 5 teams by Bradley-Terry strength (W):
[2026-03-14 20:23:29]      1. Team 3376: 42.13
[2026-03-14 20:23:29]      2. Team 3261: 32.23
[2026-03-14 20:23:29]      3. Team 3163: 31.72
[2026-03-14 20:23:29]      4. Team 3390: 31.17
[2026-03-14 20:23:29]      5. Team 3231: 31.10
[2026-03-14 20:23:29] 
Season 2024 - M:
[2026-03-14 20:23:29]   Games: 5,607
[2026-03-14 20:23:29]   Building design matrix for 362 teams, 5607 games...
[2026-03-14 20:23:29]   Fitting Ridge regression (alpha=1.0)...
[2026-03-14 20:23:29]   Home court advantage: 3.17 points
[2026-03-14 20:23:29]   Strength range: -23.13 to 23.37
[2026-03-14 20:23:29] 
  Top 5 teams by Bradley-Terry strength (M):
[2026-03-14 20:23:29]      1. Team 1222: 23.37
[2026-03-14 20:23:29]      2. Team 1112: 22.15
[2026-03-14 20:23:29]      3. Team 1163: 21.75
[2026-03-14 20:23:29]      4. Team 1345: 21.56
[2026-03-14 20:23:29]      5. Team 1120: 20.55
[2026-03-14 20:23:29] 
Season 2024 - W:
[2026-03-14 20:23:29]   Games: 5,414
[2026-03-14 20:23:29]   Building design matrix for 360 teams, 5414 games...
[2026-03-14 20:23:30]   Fitting Ridge regression (alpha=1.0)...
[2026-03-14 20:23:30]   Home court advantage: 2.88 points
[2026-03-14 20:23:30]   Strength range: -28.89 to 42.14
[2026-03-14 20:23:30] 
  Top 5 teams by Bradley-Terry strength (W):
[2026-03-14 20:23:30]      1. Team 3376: 42.14
[2026-03-14 20:23:30]      2. Team 3163: 35.98
[2026-03-14 20:23:30]      3. Team 3234: 34.36
[2026-03-14 20:23:30]      4. Team 3400: 33.99
[2026-03-14 20:23:30]      5. Team 3417: 31.83
[2026-03-14 20:23:30] 
Season 2025 - M:
[2026-03-14 20:23:30]   Games: 5,641
[2026-03-14 20:23:30]   Building design matrix for 364 teams, 5641 games...
[2026-03-14 20:23:30]   Fitting Ridge regression (alpha=1.0)...
[2026-03-14 20:23:30]   Home court advantage: 3.29 points
[2026-03-14 20:23:30]   Strength range: -30.98 to 26.97
[2026-03-14 20:23:30] 
  Top 5 teams by Bradley-Terry strength (M):
[2026-03-14 20:23:30]      1. Team 1181: 26.97
[2026-03-14 20:23:30]      2. Team 1120: 25.99
[2026-03-14 20:23:30]      3. Team 1222: 24.68
[2026-03-14 20:23:30]      4. Team 1196: 24.61
[2026-03-14 20:23:30]      5. Team 1104: 22.53
[2026-03-14 20:23:30] 
Season 2025 - W:
[2026-03-14 20:23:30]   Games: 5,444
[2026-03-14 20:23:30]   Building design matrix for 362 teams, 5444 games...
[2026-03-14 20:23:31]   Fitting Ridge regression (alpha=1.0)...
[2026-03-14 20:23:31]   Home court advantage: 2.89 points
[2026-03-14 20:23:31]   Strength range: -28.79 to 41.46
[2026-03-14 20:23:31] 
  Top 5 teams by Bradley-Terry strength (W):
[2026-03-14 20:23:31]      1. Team 3376: 41.46
[2026-03-14 20:23:31]      2. Team 3163: 40.19
[2026-03-14 20:23:31]      3. Team 3400: 38.76
[2026-03-14 20:23:31]      4. Team 3323: 36.33
[2026-03-14 20:23:31]      5. Team 3417: 35.49
[2026-03-14 20:23:31] 
Season 2026 - M:
[2026-03-14 20:23:31]   Games: 5,149
[2026-03-14 20:23:31]   Building design matrix for 365 teams, 5149 games...
[2026-03-14 20:23:31]   Fitting Ridge regression (alpha=1.0)...
[2026-03-14 20:23:31]   Home court advantage: 2.97 points
[2026-03-14 20:23:31]   Strength range: -25.53 to 30.13
[2026-03-14 20:23:31] 
  Top 5 teams by Bradley-Terry strength (M):
[2026-03-14 20:23:31]      1. Team 1276: 30.13
[2026-03-14 20:23:31]      2. Team 1181: 28.93
[2026-03-14 20:23:31]      3. Team 1112: 26.38
[2026-03-14 20:23:31]      4. Team 1196: 25.13
[2026-03-14 20:23:31]      5. Team 1228: 23.64
[2026-03-14 20:23:31] 
Season 2026 - W:
[2026-03-14 20:23:31]   Games: 5,065
[2026-03-14 20:23:31]   Building design matrix for 363 teams, 5065 games...
[2026-03-14 20:23:31]   Fitting Ridge regression (alpha=1.0)...
[2026-03-14 20:23:31]   Home court advantage: 2.90 points
[2026-03-14 20:23:31]   Strength range: -32.03 to 47.56
[2026-03-14 20:23:31] 
  Top 5 teams by Bradley-Terry strength (W):
[2026-03-14 20:23:31]      1. Team 3163: 47.56
[2026-03-14 20:23:31]      2. Team 3376: 44.26
[2026-03-14 20:23:31]      3. Team 3417: 43.81
[2026-03-14 20:23:31]      4. Team 3261: 43.64
[2026-03-14 20:23:31]      5. Team 3400: 42.50
[2026-03-14 20:23:31] 
======================================================================
            Computing Elo Ratings (per season, per gender)            
======================================================================
[2026-03-14 20:23:31] 
Season 2003 - M:
[2026-03-14 20:23:31]   Games: 4,616
[2026-03-14 20:23:32]   Processed 4,616 Elo updates
[2026-03-14 20:23:32]   Elo range: 1244 to 1795
[2026-03-14 20:23:32] 
  Top 5 teams by Elo (M):
[2026-03-14 20:23:32]      1. Team 1246: 1794.79
[2026-03-14 20:23:32]      2. Team 1338: 1728.25
[2026-03-14 20:23:32]      3. Team 1112: 1724.09
[2026-03-14 20:23:32]      4. Team 1451: 1715.82
[2026-03-14 20:23:32]      5. Team 1462: 1712.14
[2026-03-14 20:23:32] 
Season 2003 - W:
[2026-03-14 20:23:32]   No games found, skipping
[2026-03-14 20:23:32] 
Season 2004 - M:
[2026-03-14 20:23:32]   Games: 4,571
[2026-03-14 20:23:32]   Processed 4,571 Elo updates
[2026-03-14 20:23:32]   Elo range: 1242 to 1767
[2026-03-14 20:23:32] 
  Top 5 teams by Elo (M):
[2026-03-14 20:23:32]      1. Team 1390: 1766.80
[2026-03-14 20:23:32]      2. Team 1386: 1756.82
[2026-03-14 20:23:32]      3. Team 1246: 1749.79
[2026-03-14 20:23:32]      4. Team 1211: 1748.32
[2026-03-14 20:23:32]      5. Team 1329: 1747.61
[2026-03-14 20:23:32] 
Season 2004 - W:
[2026-03-14 20:23:32]   No games found, skipping
[2026-03-14 20:23:32] 
Season 2005 - M:
[2026-03-14 20:23:32]   Games: 4,675
[2026-03-14 20:23:32]   Processed 4,675 Elo updates
[2026-03-14 20:23:32]   Elo range: 1230 to 1788
[2026-03-14 20:23:32] 
  Top 5 teams by Elo (M):
[2026-03-14 20:23:32]      1. Team 1228: 1788.22
[2026-03-14 20:23:32]      2. Team 1257: 1746.74
[2026-03-14 20:23:32]      3. Team 1334: 1734.35
[2026-03-14 20:23:32]      4. Team 1314: 1733.16
[2026-03-14 20:23:32]      5. Team 1449: 1728.65
[2026-03-14 20:23:32] 
Season 2005 - W:
[2026-03-14 20:23:32]   No games found, skipping
[2026-03-14 20:23:32] 
Season 2006 - M:
[2026-03-14 20:23:32]   Games: 4,757
[2026-03-14 20:23:32]   Processed 4,757 Elo updates
[2026-03-14 20:23:32]   Elo range: 1235 to 1768
[2026-03-14 20:23:32] 
  Top 5 teams by Elo (M):
[2026-03-14 20:23:32]      1. Team 1181: 1768.12
[2026-03-14 20:23:32]      2. Team 1272: 1743.19
[2026-03-14 20:23:32]      3. Team 1163: 1741.10
[2026-03-14 20:23:32]      4. Team 1437: 1731.78
[2026-03-14 20:23:32]      5. Team 1211: 1731.24
[2026-03-14 20:23:32] 
Season 2006 - W:
[2026-03-14 20:23:32]   No games found, skipping
[2026-03-14 20:23:32] 
Season 2007 - M:
[2026-03-14 20:23:32]   Games: 5,043
[2026-03-14 20:23:33]   Processed 5,043 Elo updates
[2026-03-14 20:23:33]   Elo range: 1249 to 1781
[2026-03-14 20:23:33] 
  Top 5 teams by Elo (M):
[2026-03-14 20:23:33]      1. Team 1326: 1780.92
[2026-03-14 20:23:33]      2. Team 1242: 1764.70
[2026-03-14 20:23:33]      3. Team 1272: 1755.26
[2026-03-14 20:23:33]      4. Team 1207: 1741.64
[2026-03-14 20:23:33]      5. Team 1356: 1735.04
[2026-03-14 20:23:33] 
Season 2007 - W:
[2026-03-14 20:23:33]   No games found, skipping
[2026-03-14 20:23:33] 
Season 2008 - M:
[2026-03-14 20:23:33]   Games: 5,163
[2026-03-14 20:23:33]   Processed 5,163 Elo updates
[2026-03-14 20:23:33]   Elo range: 1200 to 1804
[2026-03-14 20:23:33] 
  Top 5 teams by Elo (M):
[2026-03-14 20:23:33]      1. Team 1314: 1803.63
[2026-03-14 20:23:33]      2. Team 1272: 1785.99
[2026-03-14 20:23:33]      3. Team 1417: 1778.18
[2026-03-14 20:23:33]      4. Team 1242: 1761.62
[2026-03-14 20:23:33]      5. Team 1458: 1750.09
[2026-03-14 20:23:33] 
Season 2008 - W:
[2026-03-14 20:23:33]   No games found, skipping
[2026-03-14 20:23:33] 
Season 2009 - M:
[2026-03-14 20:23:33]   Games: 5,249
[2026-03-14 20:23:33]   Processed 5,249 Elo updates
[2026-03-14 20:23:33]   Elo range: 1193 to 1783
[2026-03-14 20:23:33] 
  Top 5 teams by Elo (M):
[2026-03-14 20:23:33]      1. Team 1272: 1782.91
[2026-03-14 20:23:33]      2. Team 1257: 1758.14
[2026-03-14 20:23:33]      3. Team 1181: 1738.29
[2026-03-14 20:23:33]      4. Team 1314: 1735.50
[2026-03-14 20:23:33]      5. Team 1338: 1730.21
[2026-03-14 20:23:33] 
Season 2009 - W:
[2026-03-14 20:23:33]   No games found, skipping
[2026-03-14 20:23:33] 
Season 2010 - M:
[2026-03-14 20:23:33]   Games: 5,263
[2026-03-14 20:23:34]   Processed 5,263 Elo updates
[2026-03-14 20:23:34]   Elo range: 1232 to 1810
[2026-03-14 20:23:34] 
  Top 5 teams by Elo (M):
[2026-03-14 20:23:34]      1. Team 1242: 1809.60
[2026-03-14 20:23:34]      2. Team 1246: 1780.69
[2026-03-14 20:23:34]      3. Team 1139: 1755.59
[2026-03-14 20:23:34]      4. Team 1396: 1755.32
[2026-03-14 20:23:34]      5. Team 1181: 1748.20
[2026-03-14 20:23:34] 
Season 2010 - W:
[2026-03-14 20:23:34]   Games: 5,037
[2026-03-14 20:23:34]   Processed 5,037 Elo updates
[2026-03-14 20:23:34]   Elo range: 1210 to 1857
[2026-03-14 20:23:34] 
  Top 5 teams by Elo (W):
[2026-03-14 20:23:34]      1. Team 3163: 1857.43
[2026-03-14 20:23:34]      2. Team 3390: 1801.08
[2026-03-14 20:23:34]      3. Team 3397: 1800.62
[2026-03-14 20:23:34]      4. Team 3304: 1792.42
[2026-03-14 20:23:34]      5. Team 3462: 1745.56
[2026-03-14 20:23:34] 
Season 2011 - M:
[2026-03-14 20:23:34]   Games: 5,246
[2026-03-14 20:23:34]   Processed 5,246 Elo updates
[2026-03-14 20:23:34]   Elo range: 1239 to 1793
[2026-03-14 20:23:34] 
  Top 5 teams by Elo (M):
[2026-03-14 20:23:34]      1. Team 1242: 1792.98
[2026-03-14 20:23:34]      2. Team 1361: 1786.15
[2026-03-14 20:23:34]      3. Team 1326: 1778.05
[2026-03-14 20:23:34]      4. Team 1429: 1748.83
[2026-03-14 20:23:34]      5. Team 1181: 1745.62
[2026-03-14 20:23:34] 
Season 2011 - W:
[2026-03-14 20:23:34]   Games: 5,084
[2026-03-14 20:23:34]   Processed 5,084 Elo updates
[2026-03-14 20:23:34]   Elo range: 1208 to 1830
[2026-03-14 20:23:34] 
  Top 5 teams by Elo (W):
[2026-03-14 20:23:34]      1. Team 3163: 1830.28
[2026-03-14 20:23:34]      2. Team 3397: 1809.08
[2026-03-14 20:23:34]      3. Team 3124: 1806.71
[2026-03-14 20:23:34]      4. Team 3390: 1796.82
[2026-03-14 20:23:34]      5. Team 3462: 1779.15
[2026-03-14 20:23:34] 
Season 2012 - M:
[2026-03-14 20:23:34]   Games: 5,253
[2026-03-14 20:23:35]   Processed 5,253 Elo updates
[2026-03-14 20:23:35]   Elo range: 1230 to 1782
[2026-03-14 20:23:35] 
  Top 5 teams by Elo (M):
[2026-03-14 20:23:35]      1. Team 1246: 1782.07
[2026-03-14 20:23:35]      2. Team 1393: 1774.89
[2026-03-14 20:23:35]      3. Team 1293: 1754.26
[2026-03-14 20:23:35]      4. Team 1281: 1747.23
[2026-03-14 20:23:35]      5. Team 1314: 1737.81
[2026-03-14 20:23:35] 
Season 2012 - W:
[2026-03-14 20:23:35]   Games: 5,050
[2026-03-14 20:23:35]   Processed 5,050 Elo updates
[2026-03-14 20:23:35]   Elo range: 1200 to 1844
[2026-03-14 20:23:35] 
  Top 5 teams by Elo (W):
[2026-03-14 20:23:35]      1. Team 3124: 1843.74
[2026-03-14 20:23:35]      2. Team 3174: 1808.02
[2026-03-14 20:23:35]      3. Team 3390: 1807.35
[2026-03-14 20:23:35]      4. Team 3323: 1787.16
[2026-03-14 20:23:35]      5. Team 3268: 1766.55
[2026-03-14 20:23:35] 
Season 2013 - M:
[2026-03-14 20:23:35]   Games: 5,320
[2026-03-14 20:23:35]   Processed 5,320 Elo updates
[2026-03-14 20:23:35]   Elo range: 1198 to 1782
[2026-03-14 20:23:35] 
  Top 5 teams by Elo (M):
[2026-03-14 20:23:35]      1. Team 1211: 1781.77
[2026-03-14 20:23:35]      2. Team 1257: 1758.98
[2026-03-14 20:23:35]      3. Team 1272: 1756.28
[2026-03-14 20:23:35]      4. Team 1307: 1745.92
[2026-03-14 20:23:35]      5. Team 1387: 1730.17
[2026-03-14 20:23:35] 
Season 2013 - W:
[2026-03-14 20:23:35]   Games: 5,184
[2026-03-14 20:23:35]   Processed 5,184 Elo updates
[2026-03-14 20:23:35]   Elo range: 1213 to 1837
[2026-03-14 20:23:35] 
  Top 5 teams by Elo (W):
[2026-03-14 20:23:35]      1. Team 3124: 1836.80
[2026-03-14 20:23:35]      2. Team 3323: 1833.60
[2026-03-14 20:23:35]      3. Team 3390: 1804.61
[2026-03-14 20:23:35]      4. Team 3181: 1788.92
[2026-03-14 20:23:35]      5. Team 3174: 1772.21
[2026-03-14 20:23:35] 
Season 2014 - M:
[2026-03-14 20:23:35]   Games: 5,362
[2026-03-14 20:23:36]   Processed 5,362 Elo updates
[2026-03-14 20:23:36]   Elo range: 1244 to 1809
[2026-03-14 20:23:36] 
  Top 5 teams by Elo (M):
[2026-03-14 20:23:36]      1. Team 1196: 1808.59
[2026-03-14 20:23:36]      2. Team 1455: 1802.38
[2026-03-14 20:23:36]      3. Team 1372: 1758.47
[2026-03-14 20:23:36]      4. Team 1257: 1740.87
[2026-03-14 20:23:36]      5. Team 1438: 1738.61
[2026-03-14 20:23:36] 
Season 2014 - W:
[2026-03-14 20:23:36]   Games: 5,252
[2026-03-14 20:23:36]   Processed 5,252 Elo updates
[2026-03-14 20:23:36]   Elo range: 1217 to 1857
[2026-03-14 20:23:36] 
  Top 5 teams by Elo (W):
[2026-03-14 20:23:36]      1. Team 3323: 1856.64
[2026-03-14 20:23:36]      2. Team 3163: 1841.48
[2026-03-14 20:23:36]      3. Team 3292: 1779.86
[2026-03-14 20:23:36]      4. Team 3257: 1779.67
[2026-03-14 20:23:36]      5. Team 3390: 1759.38
[2026-03-14 20:23:36] 
Season 2015 - M:
[2026-03-14 20:23:36]   Games: 5,354
[2026-03-14 20:23:36]   Processed 5,354 Elo updates
[2026-03-14 20:23:36]   Elo range: 1201 to 1823
[2026-03-14 20:23:36] 
  Top 5 teams by Elo (M):
[2026-03-14 20:23:36]      1. Team 1246: 1822.80
[2026-03-14 20:23:36]      2. Team 1437: 1795.47
[2026-03-14 20:23:36]      3. Team 1458: 1787.64
[2026-03-14 20:23:36]      4. Team 1112: 1775.17
[2026-03-14 20:23:36]      5. Team 1211: 1764.37
[2026-03-14 20:23:36] 
Season 2015 - W:
[2026-03-14 20:23:36]   Games: 5,214
[2026-03-14 20:23:37]   Processed 5,214 Elo updates
[2026-03-14 20:23:37]   Elo range: 1243 to 1814
[2026-03-14 20:23:37] 
  Top 5 teams by Elo (W):
[2026-03-14 20:23:37]      1. Team 3163: 1813.79
[2026-03-14 20:23:37]      2. Team 3268: 1805.16
[2026-03-14 20:23:37]      3. Team 3323: 1804.21
[2026-03-14 20:23:37]      4. Team 3343: 1801.50
[2026-03-14 20:23:37]      5. Team 3376: 1794.79
[2026-03-14 20:23:37] 
Season 2016 - M:
[2026-03-14 20:23:37]   Games: 5,369
[2026-03-14 20:23:37]   Processed 5,369 Elo updates
[2026-03-14 20:23:37]   Elo range: 1241 to 1781
[2026-03-14 20:23:37] 
  Top 5 teams by Elo (M):
[2026-03-14 20:23:37]      1. Team 1242: 1780.76
[2026-03-14 20:23:37]      2. Team 1277: 1742.88
[2026-03-14 20:23:37]      3. Team 1437: 1740.36
[2026-03-14 20:23:37]      4. Team 1332: 1733.47
[2026-03-14 20:23:37]      5. Team 1314: 1731.61
[2026-03-14 20:23:37] 
Season 2016 - W:
[2026-03-14 20:23:37]   Games: 5,209
[2026-03-14 20:23:37]   Processed 5,209 Elo updates
[2026-03-14 20:23:37]   Elo range: 1230 to 1838
[2026-03-14 20:23:37] 
  Top 5 teams by Elo (W):
[2026-03-14 20:23:37]      1. Team 3323: 1837.68
[2026-03-14 20:23:37]      2. Team 3163: 1826.68
[2026-03-14 20:23:37]      3. Team 3124: 1825.32
[2026-03-14 20:23:37]      4. Team 3376: 1816.66
[2026-03-14 20:23:37]      5. Team 3268: 1771.40
[2026-03-14 20:23:37] 
Season 2017 - M:
[2026-03-14 20:23:37]   Games: 5,395
[2026-03-14 20:23:37]   Processed 5,395 Elo updates
[2026-03-14 20:23:37]   Elo range: 1213 to 1777
[2026-03-14 20:23:37] 
  Top 5 teams by Elo (M):
[2026-03-14 20:23:37]      1. Team 1211: 1777.20
[2026-03-14 20:23:37]      2. Team 1437: 1776.33
[2026-03-14 20:23:37]      3. Team 1374: 1769.10
[2026-03-14 20:23:37]      4. Team 1112: 1764.38
[2026-03-14 20:23:37]      5. Team 1246: 1750.53
[2026-03-14 20:23:37] 
Season 2017 - W:
[2026-03-14 20:23:37]   Games: 5,210
[2026-03-14 20:23:38]   Processed 5,210 Elo updates
[2026-03-14 20:23:38]   Elo range: 1208 to 1837
[2026-03-14 20:23:38] 
  Top 5 teams by Elo (W):
[2026-03-14 20:23:38]      1. Team 3163: 1837.39
[2026-03-14 20:23:38]      2. Team 3323: 1802.73
[2026-03-14 20:23:38]      3. Team 3268: 1766.89
[2026-03-14 20:23:38]      4. Team 3124: 1761.92
[2026-03-14 20:23:38]      5. Team 3390: 1758.89
[2026-03-14 20:23:38] 
Season 2018 - M:
[2026-03-14 20:23:38]   Games: 5,405
[2026-03-14 20:23:38]   Processed 5,405 Elo updates
[2026-03-14 20:23:38]   Elo range: 1244 to 1797
[2026-03-14 20:23:38] 
  Top 5 teams by Elo (M):
[2026-03-14 20:23:38]      1. Team 1438: 1797.37
[2026-03-14 20:23:38]      2. Team 1437: 1763.94
[2026-03-14 20:23:38]      3. Team 1153: 1759.23
[2026-03-14 20:23:38]      4. Team 1211: 1750.54
[2026-03-14 20:23:38]      5. Team 1276: 1730.36
[2026-03-14 20:23:38] 
Season 2018 - W:
[2026-03-14 20:23:38]   Games: 5,209
[2026-03-14 20:23:38]   Processed 5,209 Elo updates
[2026-03-14 20:23:38]   Elo range: 1222 to 1842
[2026-03-14 20:23:38] 
  Top 5 teams by Elo (W):
[2026-03-14 20:23:38]      1. Team 3163: 1841.73
[2026-03-14 20:23:38]      2. Team 3124: 1816.93
[2026-03-14 20:23:38]      3. Team 3257: 1808.42
[2026-03-14 20:23:38]      4. Team 3280: 1799.18
[2026-03-14 20:23:38]      5. Team 3323: 1794.06
[2026-03-14 20:23:38] 
Season 2019 - M:
[2026-03-14 20:23:38]   Games: 5,463
[2026-03-14 20:23:38]   Processed 5,463 Elo updates
[2026-03-14 20:23:38]   Elo range: 1250 to 1773
[2026-03-14 20:23:38] 
  Top 5 teams by Elo (M):
[2026-03-14 20:23:38]      1. Team 1138: 1773.15
[2026-03-14 20:23:38]      2. Team 1438: 1762.40
[2026-03-14 20:23:38]      3. Team 1222: 1755.89
[2026-03-14 20:23:38]      4. Team 1459: 1755.81
[2026-03-14 20:23:38]      5. Team 1181: 1753.74
[2026-03-14 20:23:38] 
Season 2019 - W:
[2026-03-14 20:23:38]   Games: 5,240
[2026-03-14 20:23:39]   Processed 5,240 Elo updates
[2026-03-14 20:23:39]   Elo range: 1236 to 1823
[2026-03-14 20:23:39] 
  Top 5 teams by Elo (W):
[2026-03-14 20:23:39]      1. Team 3124: 1822.80
[2026-03-14 20:23:39]      2. Team 3323: 1807.93
[2026-03-14 20:23:39]      3. Team 3163: 1807.19
[2026-03-14 20:23:39]      4. Team 3280: 1791.87
[2026-03-14 20:23:39]      5. Team 3257: 1771.06
[2026-03-14 20:23:39] 
Season 2020 - M:
[2026-03-14 20:23:39]   Games: 5,328
[2026-03-14 20:23:39]   Processed 5,328 Elo updates
[2026-03-14 20:23:39]   Elo range: 1222 to 1783
[2026-03-14 20:23:39] 
  Top 5 teams by Elo (M):
[2026-03-14 20:23:39]      1. Team 1211: 1783.14
[2026-03-14 20:23:39]      2. Team 1173: 1776.03
[2026-03-14 20:23:39]      3. Team 1242: 1771.12
[2026-03-14 20:23:39]      4. Team 1361: 1739.54
[2026-03-14 20:23:39]      5. Team 1190: 1730.93
[2026-03-14 20:23:39] 
Season 2020 - W:
[2026-03-14 20:23:39]   Games: 5,171
[2026-03-14 20:23:39]   Processed 5,171 Elo updates
[2026-03-14 20:23:39]   Elo range: 1229 to 1837
[2026-03-14 20:23:39] 
  Top 5 teams by Elo (W):
[2026-03-14 20:23:39]      1. Team 3332: 1837.29
[2026-03-14 20:23:39]      2. Team 3376: 1833.52
[2026-03-14 20:23:39]      3. Team 3268: 1775.80
[2026-03-14 20:23:39]      4. Team 3343: 1771.23
[2026-03-14 20:23:39]      5. Team 3124: 1770.58
[2026-03-14 20:23:39] 
Season 2021 - M:
[2026-03-14 20:23:39]   Games: 3,855
[2026-03-14 20:23:40]   Processed 3,855 Elo updates
[2026-03-14 20:23:40]   Elo range: 1269 to 1767
[2026-03-14 20:23:40] 
  Top 5 teams by Elo (M):
[2026-03-14 20:23:40]      1. Team 1211: 1767.14
[2026-03-14 20:23:40]      2. Team 1228: 1713.70
[2026-03-14 20:23:40]      3. Team 1457: 1708.87
[2026-03-14 20:23:40]      4. Team 1124: 1707.89
[2026-03-14 20:23:40]      5. Team 1361: 1706.99
[2026-03-14 20:23:40] 
Season 2021 - W:
[2026-03-14 20:23:40]   Games: 3,556
[2026-03-14 20:23:40]   Processed 3,556 Elo updates
[2026-03-14 20:23:40]   Elo range: 1251 to 1759
[2026-03-14 20:23:40] 
  Top 5 teams by Elo (W):
[2026-03-14 20:23:40]      1. Team 3163: 1759.44
[2026-03-14 20:23:40]      2. Team 3390: 1757.92
[2026-03-14 20:23:40]      3. Team 3124: 1749.46
[2026-03-14 20:23:40]      4. Team 3268: 1741.79
[2026-03-14 20:23:40]      5. Team 3211: 1726.74
[2026-03-14 20:23:40] 
Season 2022 - M:
[2026-03-14 20:23:40]   Games: 5,345
[2026-03-14 20:23:40]   Processed 5,345 Elo updates
[2026-03-14 20:23:40]   Elo range: 1231 to 1772
[2026-03-14 20:23:40] 
  Top 5 teams by Elo (M):
[2026-03-14 20:23:40]      1. Team 1112: 1771.65
[2026-03-14 20:23:40]      2. Team 1293: 1750.56
[2026-03-14 20:23:40]      3. Team 1355: 1738.98
[2026-03-14 20:23:40]      4. Team 1211: 1732.39
[2026-03-14 20:23:40]      5. Team 1437: 1731.57
[2026-03-14 20:23:40] 
Season 2022 - W:
[2026-03-14 20:23:40]   Games: 5,060
[2026-03-14 20:23:40]   Processed 5,060 Elo updates
[2026-03-14 20:23:40]   Elo range: 1223 to 1788
[2026-03-14 20:23:40] 
  Top 5 teams by Elo (W):
[2026-03-14 20:23:40]      1. Team 3301: 1787.59
[2026-03-14 20:23:40]      2. Team 3390: 1785.39
[2026-03-14 20:23:40]      3. Team 3376: 1782.74
[2026-03-14 20:23:40]      4. Team 3416: 1751.41
[2026-03-14 20:23:40]      5. Team 3400: 1744.78
[2026-03-14 20:23:40] 
Season 2023 - M:
[2026-03-14 20:23:40]   Games: 5,602
[2026-03-14 20:23:41]   Processed 5,602 Elo updates
[2026-03-14 20:23:41]   Elo range: 1250 to 1753
[2026-03-14 20:23:41] 
  Top 5 teams by Elo (M):
[2026-03-14 20:23:41]      1. Team 1194: 1752.73
[2026-03-14 20:23:41]      2. Team 1104: 1749.45
[2026-03-14 20:23:41]      3. Team 1222: 1748.14
[2026-03-14 20:23:41]      4. Team 1266: 1736.71
[2026-03-14 20:23:41]      5. Team 1158: 1734.08
[2026-03-14 20:23:41] 
Season 2023 - W:
[2026-03-14 20:23:41]   Games: 5,374
[2026-03-14 20:23:41]   Processed 5,374 Elo updates
[2026-03-14 20:23:41]   Elo range: 1207 to 1847
[2026-03-14 20:23:41] 
  Top 5 teams by Elo (W):
[2026-03-14 20:23:41]      1. Team 3376: 1847.29
[2026-03-14 20:23:41]      2. Team 3439: 1770.26
[2026-03-14 20:23:41]      3. Team 3163: 1767.21
[2026-03-14 20:23:41]      4. Team 3261: 1757.66
[2026-03-14 20:23:41]      5. Team 3405: 1756.46
[2026-03-14 20:23:41] 
Season 2024 - M:
[2026-03-14 20:23:41]   Games: 5,607
[2026-03-14 20:23:41]   Processed 5,607 Elo updates
[2026-03-14 20:23:41]   Elo range: 1237 to 1776
[2026-03-14 20:23:41] 
  Top 5 teams by Elo (M):
[2026-03-14 20:23:41]      1. Team 1163: 1775.84
[2026-03-14 20:23:41]      2. Team 1222: 1758.52
[2026-03-14 20:23:41]      3. Team 1345: 1733.49
[2026-03-14 20:23:41]      4. Team 1235: 1721.44
[2026-03-14 20:23:41]      5. Team 1241: 1720.06
[2026-03-14 20:23:41] 
Season 2024 - W:
[2026-03-14 20:23:41]   Games: 5,414
[2026-03-14 20:23:41]   Processed 5,414 Elo updates
[2026-03-14 20:23:41]   Elo range: 1234 to 1845
[2026-03-14 20:23:41] 
  Top 5 teams by Elo (W):
[2026-03-14 20:23:41]      1. Team 3376: 1845.21
[2026-03-14 20:23:41]      2. Team 3193: 1777.85
[2026-03-14 20:23:41]      3. Team 3424: 1767.25
[2026-03-14 20:23:41]      4. Team 3400: 1765.89
[2026-03-14 20:23:41]      5. Team 3163: 1764.64
[2026-03-14 20:23:41] 
Season 2025 - M:
[2026-03-14 20:23:41]   Games: 5,641
[2026-03-14 20:23:42]   Processed 5,641 Elo updates
[2026-03-14 20:23:42]   Elo range: 1216 to 1784
[2026-03-14 20:23:42] 
  Top 5 teams by Elo (M):
[2026-03-14 20:23:42]      1. Team 1222: 1783.79
[2026-03-14 20:23:42]      2. Team 1196: 1779.07
[2026-03-14 20:23:42]      3. Team 1181: 1776.67
[2026-03-14 20:23:42]      4. Team 1471: 1757.49
[2026-03-14 20:23:42]      5. Team 1385: 1755.89
[2026-03-14 20:23:42] 
Season 2025 - W:
[2026-03-14 20:23:42]   Games: 5,444
[2026-03-14 20:23:42]   Processed 5,444 Elo updates
[2026-03-14 20:23:42]   Elo range: 1233 to 1814
[2026-03-14 20:23:42] 
  Top 5 teams by Elo (W):
[2026-03-14 20:23:42]      1. Team 3417: 1813.52
[2026-03-14 20:23:42]      2. Team 3400: 1808.45
[2026-03-14 20:23:42]      3. Team 3376: 1806.40
[2026-03-14 20:23:42]      4. Team 3163: 1805.99
[2026-03-14 20:23:42]      5. Team 3425: 1785.11
[2026-03-14 20:23:42] 
Season 2026 - M:
[2026-03-14 20:23:42]   Games: 5,149
[2026-03-14 20:23:42]   Processed 5,149 Elo updates
[2026-03-14 20:23:42]   Elo range: 1237 to 1774
[2026-03-14 20:23:42] 
  Top 5 teams by Elo (M):
[2026-03-14 20:23:42]      1. Team 1276: 1774.14
[2026-03-14 20:23:42]      2. Team 1181: 1772.44
[2026-03-14 20:23:42]      3. Team 1275: 1759.87
[2026-03-14 20:23:42]      4. Team 1112: 1757.19
[2026-03-14 20:23:42]      5. Team 1163: 1739.24
[2026-03-14 20:23:42] 
Season 2026 - W:
[2026-03-14 20:23:42]   Games: 5,065
[2026-03-14 20:23:42]   Processed 5,065 Elo updates
[2026-03-14 20:23:42]   Elo range: 1208 to 1817
[2026-03-14 20:23:42] 
  Top 5 teams by Elo (W):
[2026-03-14 20:23:42]      1. Team 3163: 1817.18
[2026-03-14 20:23:42]      2. Team 3376: 1799.59
[2026-03-14 20:23:42]      3. Team 3417: 1798.96
[2026-03-14 20:23:42]      4. Team 3400: 1764.97
[2026-03-14 20:23:42]      5. Team 3435: 1750.00
[2026-03-14 20:23:42] 
======================================================================
        Computing GLM Quality Ratings (per season, per gender)        
======================================================================
[2026-03-14 20:23:42] 
Season 2003 - M:
[2026-03-14 20:23:42]   Symmetric games: 9,232
[2026-03-14 20:23:42]   Tournament teams: 65
[2026-03-14 20:23:43]   Filtered to 3,364 games involving tournament teams
[2026-03-14 20:23:43]   Fitting GLM with 326 unique teams...
[2026-03-14 20:23:51]   GLM Quality range: -28.20 to 23.98
[2026-03-14 20:23:51] 
  Top 5 teams by GLM Quality (M):
[2026-03-14 20:23:51]      1. Team 1246: 23.98
[2026-03-14 20:23:51]      2. Team 1242: 23.83
[2026-03-14 20:23:51]      3. Team 1268: 23.19
[2026-03-14 20:23:51]      4. Team 1112: 23.16
[2026-03-14 20:23:51]      5. Team 1181: 22.92
[2026-03-14 20:23:51] 
Season 2003 - W:
[2026-03-14 20:23:51]   No games found, skipping
[2026-03-14 20:23:51] 
Season 2004 - M:
[2026-03-14 20:23:51]   Symmetric games: 9,142
[2026-03-14 20:23:51]   Tournament teams: 65
[2026-03-14 20:23:51]   Filtered to 3,332 games involving tournament teams
[2026-03-14 20:23:51]   Fitting GLM with 326 unique teams...
[2026-03-14 20:23:58]   GLM Quality range: -32.47 to 26.51
[2026-03-14 20:23:58] 
  Top 5 teams by GLM Quality (M):
[2026-03-14 20:23:58]      1. Team 1181: 26.51
[2026-03-14 20:23:58]      2. Team 1163: 23.85
[2026-03-14 20:23:58]      3. Team 1304: 23.78
[2026-03-14 20:23:58]      4. Team 1329: 22.30
[2026-03-14 20:23:58]      5. Team 1210: 22.11
[2026-03-14 20:23:58] 
Season 2004 - W:
[2026-03-14 20:23:58]   No games found, skipping
[2026-03-14 20:23:58] 
Season 2005 - M:
[2026-03-14 20:23:58]   Symmetric games: 9,350
[2026-03-14 20:23:58]   Tournament teams: 65
[2026-03-14 20:23:58]   Filtered to 3,420 games involving tournament teams
[2026-03-14 20:23:58]   Fitting GLM with 329 unique teams...
[2026-03-14 20:24:06]   GLM Quality range: -38.03 to 28.84
[2026-03-14 20:24:06] 
  Top 5 teams by GLM Quality (M):
[2026-03-14 20:24:06]      1. Team 1314: 28.84
[2026-03-14 20:24:06]      2. Team 1181: 25.56
[2026-03-14 20:24:06]      3. Team 1228: 25.14
[2026-03-14 20:24:06]      4. Team 1257: 23.80
[2026-03-14 20:24:06]      5. Team 1448: 23.57
[2026-03-14 20:24:06] 
Season 2005 - W:
[2026-03-14 20:24:06]   No games found, skipping
[2026-03-14 20:24:06] 
Season 2006 - M:
[2026-03-14 20:24:06]   Symmetric games: 9,514
[2026-03-14 20:24:06]   Tournament teams: 65
[2026-03-14 20:24:06]   Filtered to 3,412 games involving tournament teams
[2026-03-14 20:24:06]   Fitting GLM with 333 unique teams...
[2026-03-14 20:24:14]   GLM Quality range: -35.97 to 24.20
[2026-03-14 20:24:14] 
  Top 5 teams by GLM Quality (M):
[2026-03-14 20:24:14]      1. Team 1181: 24.20
[2026-03-14 20:24:14]      2. Team 1163: 22.95
[2026-03-14 20:24:14]      3. Team 1295: 22.42
[2026-03-14 20:24:14]      4. Team 1437: 21.63
[2026-03-14 20:24:14]      5. Team 1400: 21.39
[2026-03-14 20:24:14] 
Season 2006 - W:
[2026-03-14 20:24:14]   No games found, skipping
[2026-03-14 20:24:14] 
Season 2007 - M:
[2026-03-14 20:24:14]   Symmetric games: 10,086
[2026-03-14 20:24:14]   Tournament teams: 65
[2026-03-14 20:24:14]   Filtered to 3,588 games involving tournament teams
[2026-03-14 20:24:14]   Fitting GLM with 334 unique teams...
[2026-03-14 20:24:23]   GLM Quality range: -32.10 to 29.10
[2026-03-14 20:24:23] 
  Top 5 teams by GLM Quality (M):
[2026-03-14 20:24:23]      1. Team 1314: 29.10
[2026-03-14 20:24:23]      2. Team 1196: 23.94
[2026-03-14 20:24:23]      3. Team 1242: 23.60
[2026-03-14 20:24:23]      4. Team 1401: 22.85
[2026-03-14 20:24:23]      5. Team 1326: 21.74
[2026-03-14 20:24:23] 
Season 2007 - W:
[2026-03-14 20:24:23]   No games found, skipping
[2026-03-14 20:24:23] 
Season 2008 - M:
[2026-03-14 20:24:23]   Symmetric games: 10,326
[2026-03-14 20:24:23]   Tournament teams: 65
[2026-03-14 20:24:23]   Filtered to 3,578 games involving tournament teams
[2026-03-14 20:24:23]   Fitting GLM with 342 unique teams...
[2026-03-14 20:24:31]   GLM Quality range: -33.75 to 28.05
[2026-03-14 20:24:31] 
  Top 5 teams by GLM Quality (M):
[2026-03-14 20:24:31]      1. Team 1242: 28.05
[2026-03-14 20:24:31]      2. Team 1272: 25.43
[2026-03-14 20:24:31]      3. Team 1314: 23.70
[2026-03-14 20:24:31]      4. Team 1417: 23.59
[2026-03-14 20:24:31]      5. Team 1181: 23.08
[2026-03-14 20:24:31] 
Season 2008 - W:
[2026-03-14 20:24:31]   No games found, skipping
[2026-03-14 20:24:31] 
Season 2009 - M:
[2026-03-14 20:24:31]   Symmetric games: 10,498
[2026-03-14 20:24:31]   Tournament teams: 65
[2026-03-14 20:24:31]   Filtered to 3,584 games involving tournament teams
[2026-03-14 20:24:31]   Fitting GLM with 346 unique teams...
[2026-03-14 20:24:40]   GLM Quality range: -26.71 to 25.74
[2026-03-14 20:24:40] 
  Top 5 teams by GLM Quality (M):
[2026-03-14 20:24:40]      1. Team 1314: 25.74
[2026-03-14 20:24:40]      2. Team 1211: 22.44
[2026-03-14 20:24:40]      3. Team 1181: 21.84
[2026-03-14 20:24:40]      4. Team 1281: 21.73
[2026-03-14 20:24:40]      5. Team 1338: 21.63
[2026-03-14 20:24:40] 
Season 2009 - W:
[2026-03-14 20:24:40]   No games found, skipping
[2026-03-14 20:24:40] 
Season 2010 - M:
[2026-03-14 20:24:40]   Symmetric games: 10,526
[2026-03-14 20:24:40]   Tournament teams: 65
[2026-03-14 20:24:40]   Filtered to 3,636 games involving tournament teams
[2026-03-14 20:24:40]   Fitting GLM with 346 unique teams...
[2026-03-14 20:24:49]   GLM Quality range: -39.94 to 27.02
[2026-03-14 20:24:49] 
  Top 5 teams by GLM Quality (M):
[2026-03-14 20:24:49]      1. Team 1181: 27.02
[2026-03-14 20:24:49]      2. Team 1242: 26.82
[2026-03-14 20:24:49]      3. Team 1393: 22.98
[2026-03-14 20:24:49]      4. Team 1246: 21.86
[2026-03-14 20:24:49]      5. Team 1326: 21.67
[2026-03-14 20:24:49] 
Season 2010 - W:
[2026-03-14 20:24:49]   Symmetric games: 10,074
[2026-03-14 20:24:49]   Tournament teams: 64
[2026-03-14 20:24:49]   Filtered to 3,414 games involving tournament teams
[2026-03-14 20:24:49]   Fitting GLM with 343 unique teams...
[2026-03-14 20:24:58]   GLM Quality range: -46.78 to 50.87
[2026-03-14 20:24:58] 
  Top 5 teams by GLM Quality (W):
[2026-03-14 20:24:58]      1. Team 3163: 50.87
[2026-03-14 20:24:58]      2. Team 3390: 36.31
[2026-03-14 20:24:58]      3. Team 3397: 34.48
[2026-03-14 20:24:58]      4. Team 3304: 32.29
[2026-03-14 20:24:58]      5. Team 3401: 30.24
[2026-03-14 20:24:58] 
Season 2011 - M:
[2026-03-14 20:24:58]   Symmetric games: 10,492
[2026-03-14 20:24:58]   Tournament teams: 68
[2026-03-14 20:24:58]   Filtered to 3,718 games involving tournament teams
[2026-03-14 20:24:58]   Fitting GLM with 344 unique teams...
[2026-03-14 20:25:06]   GLM Quality range: -29.33 to 25.79
[2026-03-14 20:25:06] 
  Top 5 teams by GLM Quality (M):
[2026-03-14 20:25:06]      1. Team 1326: 25.79
[2026-03-14 20:25:06]      2. Team 1181: 25.52
[2026-03-14 20:25:06]      3. Team 1242: 24.89
[2026-03-14 20:25:06]      4. Team 1449: 22.08
[2026-03-14 20:25:06]      5. Team 1338: 21.67
[2026-03-14 20:25:06] 
Season 2011 - W:
[2026-03-14 20:25:06]   Symmetric games: 10,168
[2026-03-14 20:25:06]   Tournament teams: 64
[2026-03-14 20:25:06]   Filtered to 3,408 games involving tournament teams
[2026-03-14 20:25:06]   Fitting GLM with 343 unique teams...
[2026-03-14 20:25:15]   GLM Quality range: -45.06 to 45.57
[2026-03-14 20:25:15] 
  Top 5 teams by GLM Quality (W):
[2026-03-14 20:25:15]      1. Team 3163: 45.57
[2026-03-14 20:25:15]      2. Team 3124: 40.35
[2026-03-14 20:25:15]      3. Team 3390: 40.10
[2026-03-14 20:25:15]      4. Team 3397: 38.77
[2026-03-14 20:25:15]      5. Team 3401: 37.40
[2026-03-14 20:25:15] 
Season 2012 - M:
[2026-03-14 20:25:15]   Symmetric games: 10,506
[2026-03-14 20:25:15]   Tournament teams: 68
[2026-03-14 20:25:15]   Filtered to 3,754 games involving tournament teams
[2026-03-14 20:25:15]   Fitting GLM with 345 unique teams...
[2026-03-14 20:25:25]   GLM Quality range: -26.64 to 26.01
[2026-03-14 20:25:25] 
  Top 5 teams by GLM Quality (M):
[2026-03-14 20:25:25]      1. Team 1246: 26.01
[2026-03-14 20:25:25]      2. Team 1326: 25.27
[2026-03-14 20:25:25]      3. Team 1314: 24.17
[2026-03-14 20:25:25]      4. Team 1277: 23.16
[2026-03-14 20:25:25]      5. Team 1393: 22.22
[2026-03-14 20:25:25] 
Season 2012 - W:
[2026-03-14 20:25:25]   Symmetric games: 10,100
[2026-03-14 20:25:25]   Tournament teams: 64
[2026-03-14 20:25:25]   Filtered to 3,350 games involving tournament teams
[2026-03-14 20:25:25]   Fitting GLM with 341 unique teams...
[2026-03-14 20:25:33]   GLM Quality range: -45.30 to 45.49
[2026-03-14 20:25:33] 
  Top 5 teams by GLM Quality (W):
[2026-03-14 20:25:33]      1. Team 3163: 45.49
[2026-03-14 20:25:33]      2. Team 3124: 42.37
[2026-03-14 20:25:33]      3. Team 3323: 41.16
[2026-03-14 20:25:33]      4. Team 3390: 34.17
[2026-03-14 20:25:33]      5. Team 3181: 31.54
[2026-03-14 20:25:33] 
Season 2013 - M:
[2026-03-14 20:25:33]   Symmetric games: 10,640
[2026-03-14 20:25:33]   Tournament teams: 68
[2026-03-14 20:25:33]   Filtered to 3,788 games involving tournament teams
[2026-03-14 20:25:33]   Fitting GLM with 346 unique teams...
[2026-03-14 20:26:24]   GLM Quality range: -40.60 to 25.49
[2026-03-14 20:26:24] 
  Top 5 teams by GLM Quality (M):
[2026-03-14 20:26:24]      1. Team 1231: 25.49
[2026-03-14 20:26:24]      2. Team 1257: 24.16
[2026-03-14 20:26:24]      3. Team 1196: 23.86
[2026-03-14 20:26:24]      4. Team 1181: 22.08
[2026-03-14 20:26:24]      5. Team 1211: 21.38
[2026-03-14 20:26:24] 
Season 2013 - W:
[2026-03-14 20:26:24]   Symmetric games: 10,368
[2026-03-14 20:26:24]   Tournament teams: 64
[2026-03-14 20:26:24]   Filtered to 3,414 games involving tournament teams
[2026-03-14 20:26:24]   Fitting GLM with 344 unique teams...
[2026-03-14 20:26:33]   GLM Quality range: -41.52 to 48.74
[2026-03-14 20:26:33] 
  Top 5 teams by GLM Quality (W):
[2026-03-14 20:26:33]      1. Team 3163: 48.74
[2026-03-14 20:26:33]      2. Team 3124: 43.10
[2026-03-14 20:26:33]      3. Team 3323: 37.96
[2026-03-14 20:26:33]      4. Team 3181: 35.68
[2026-03-14 20:26:33]      5. Team 3390: 33.20
[2026-03-14 20:26:33] 
Season 2014 - M:
[2026-03-14 20:26:33]   Symmetric games: 10,724
[2026-03-14 20:26:33]   Tournament teams: 68
[2026-03-14 20:26:33]   Filtered to 3,774 games involving tournament teams
[2026-03-14 20:26:33]   Fitting GLM with 351 unique teams...
[2026-03-14 20:26:42]   GLM Quality range: -35.77 to 26.13
[2026-03-14 20:26:42] 
  Top 5 teams by GLM Quality (M):
[2026-03-14 20:26:42]      1. Team 1257: 26.13
[2026-03-14 20:26:42]      2. Team 1112: 25.58
[2026-03-14 20:26:42]      3. Team 1156: 22.53
[2026-03-14 20:26:42]      4. Team 1242: 20.93
[2026-03-14 20:26:42]      5. Team 1181: 20.93
[2026-03-14 20:26:42] 
Season 2014 - W:
[2026-03-14 20:26:42]   Symmetric games: 10,504
[2026-03-14 20:26:42]   Tournament teams: 64
[2026-03-14 20:26:42]   Filtered to 3,486 games involving tournament teams
[2026-03-14 20:26:42]   Fitting GLM with 349 unique teams...
[2026-03-14 20:26:51]   GLM Quality range: -34.49 to 49.20
[2026-03-14 20:26:51] 
  Top 5 teams by GLM Quality (W):
[2026-03-14 20:26:51]      1. Team 3163: 49.20
[2026-03-14 20:26:51]      2. Team 3323: 42.42
[2026-03-14 20:26:51]      3. Team 3124: 35.58
[2026-03-14 20:26:51]      4. Team 3181: 35.34
[2026-03-14 20:26:51]      5. Team 3268: 33.31
[2026-03-14 20:26:51] 
Season 2015 - M:
[2026-03-14 20:26:51]   Symmetric games: 10,708
[2026-03-14 20:26:51]   Tournament teams: 68
[2026-03-14 20:26:51]   Filtered to 3,768 games involving tournament teams
[2026-03-14 20:26:51]   Fitting GLM with 351 unique teams...
[2026-03-14 20:27:00]   GLM Quality range: -30.54 to 30.65
[2026-03-14 20:27:00] 
  Top 5 teams by GLM Quality (M):
[2026-03-14 20:27:00]      1. Team 1246: 30.65
[2026-03-14 20:27:00]      2. Team 1181: 25.27
[2026-03-14 20:27:00]      3. Team 1458: 25.10
[2026-03-14 20:27:00]      4. Team 1112: 24.79
[2026-03-14 20:27:00]      5. Team 1437: 24.44
[2026-03-14 20:27:00] 
Season 2015 - W:
[2026-03-14 20:27:00]   Symmetric games: 10,428
[2026-03-14 20:27:00]   Tournament teams: 64
[2026-03-14 20:27:00]   Filtered to 3,472 games involving tournament teams
[2026-03-14 20:27:00]   Fitting GLM with 349 unique teams...
[2026-03-14 20:27:08]   GLM Quality range: -37.78 to 51.91
[2026-03-14 20:27:08] 
  Top 5 teams by GLM Quality (W):
[2026-03-14 20:27:08]      1. Team 3163: 51.91
[2026-03-14 20:27:08]      2. Team 3323: 37.43
[2026-03-14 20:27:08]      3. Team 3376: 34.66
[2026-03-14 20:27:08]      4. Team 3268: 31.69
[2026-03-14 20:27:08]      5. Team 3124: 31.50
[2026-03-14 20:27:08] 
Season 2016 - M:
[2026-03-14 20:27:08]   Symmetric games: 10,738
[2026-03-14 20:27:08]   Tournament teams: 68
[2026-03-14 20:27:08]   Filtered to 3,720 games involving tournament teams
[2026-03-14 20:27:08]   Fitting GLM with 351 unique teams...
[2026-03-14 20:27:17]   GLM Quality range: -32.45 to 25.52
[2026-03-14 20:27:17] 
  Top 5 teams by GLM Quality (M):
[2026-03-14 20:27:17]      1. Team 1277: 25.52
[2026-03-14 20:27:17]      2. Team 1242: 24.50
[2026-03-14 20:27:17]      3. Team 1438: 23.77
[2026-03-14 20:27:17]      4. Team 1314: 23.75
[2026-03-14 20:27:17]      5. Team 1452: 22.71
[2026-03-14 20:27:17] 
Season 2016 - W:
[2026-03-14 20:27:17]   Symmetric games: 10,418
[2026-03-14 20:27:17]   Tournament teams: 64
[2026-03-14 20:27:17]   Filtered to 3,458 games involving tournament teams
[2026-03-14 20:27:17]   Fitting GLM with 349 unique teams...
[2026-03-14 20:27:26]   GLM Quality range: -53.93 to 51.92
[2026-03-14 20:27:26] 
  Top 5 teams by GLM Quality (W):
[2026-03-14 20:27:26]      1. Team 3163: 51.92
[2026-03-14 20:27:26]      2. Team 3124: 34.64
[2026-03-14 20:27:26]      3. Team 3268: 34.46
[2026-03-14 20:27:26]      4. Team 3323: 33.92
[2026-03-14 20:27:26]      5. Team 3376: 32.94
[2026-03-14 20:27:26] 
Season 2017 - M:
[2026-03-14 20:27:26]   Symmetric games: 10,790
[2026-03-14 20:27:26]   Tournament teams: 68
[2026-03-14 20:27:26]   Filtered to 3,772 games involving tournament teams
[2026-03-14 20:27:26]   Fitting GLM with 351 unique teams...
[2026-03-14 20:27:35]   GLM Quality range: -31.64 to 26.11
[2026-03-14 20:27:35] 
  Top 5 teams by GLM Quality (M):
[2026-03-14 20:27:35]      1. Team 1211: 26.11
[2026-03-14 20:27:35]      2. Team 1314: 25.87
[2026-03-14 20:27:35]      3. Team 1437: 25.83
[2026-03-14 20:27:35]      4. Team 1257: 24.65
[2026-03-14 20:27:35]      5. Team 1452: 24.15
[2026-03-14 20:27:35] 
Season 2017 - W:
[2026-03-14 20:27:35]   Symmetric games: 10,420
[2026-03-14 20:27:35]   Tournament teams: 64
[2026-03-14 20:27:35]   Filtered to 3,458 games involving tournament teams
[2026-03-14 20:27:35]   Fitting GLM with 349 unique teams...
[2026-03-14 20:27:44]   GLM Quality range: -34.39 to 46.64
[2026-03-14 20:27:44] 
  Top 5 teams by GLM Quality (W):
[2026-03-14 20:27:44]      1. Team 3163: 46.64
[2026-03-14 20:27:44]      2. Team 3124: 44.42
[2026-03-14 20:27:44]      3. Team 3376: 35.25
[2026-03-14 20:27:44]      4. Team 3449: 34.77
[2026-03-14 20:27:44]      5. Team 3323: 34.51
[2026-03-14 20:27:44] 
Season 2018 - M:
[2026-03-14 20:27:44]   Symmetric games: 10,810
[2026-03-14 20:27:44]   Tournament teams: 68
[2026-03-14 20:27:44]   Filtered to 3,758 games involving tournament teams
[2026-03-14 20:27:44]   Fitting GLM with 351 unique teams...
[2026-03-14 20:27:53]   GLM Quality range: -34.06 to 26.33
[2026-03-14 20:27:53] 
  Top 5 teams by GLM Quality (M):
[2026-03-14 20:27:53]      1. Team 1437: 26.33
[2026-03-14 20:27:53]      2. Team 1181: 24.44
[2026-03-14 20:27:53]      3. Team 1345: 24.21
[2026-03-14 20:27:53]      4. Team 1438: 24.10
[2026-03-14 20:27:53]      5. Team 1277: 22.82
[2026-03-14 20:27:53] 
Season 2018 - W:
[2026-03-14 20:27:53]   Symmetric games: 10,418
[2026-03-14 20:27:53]   Tournament teams: 64
[2026-03-14 20:27:53]   Filtered to 3,438 games involving tournament teams
[2026-03-14 20:27:53]   Fitting GLM with 349 unique teams...
[2026-03-14 20:28:02]   GLM Quality range: -36.14 to 49.79
[2026-03-14 20:28:02] 
  Top 5 teams by GLM Quality (W):
[2026-03-14 20:28:02]      1. Team 3163: 49.79
[2026-03-14 20:28:02]      2. Team 3124: 43.24
[2026-03-14 20:28:02]      3. Team 3280: 38.73
[2026-03-14 20:28:02]      4. Team 3323: 35.23
[2026-03-14 20:28:02]      5. Team 3257: 33.80
[2026-03-14 20:28:02] 
Season 2019 - M:
[2026-03-14 20:28:02]   Symmetric games: 10,926
[2026-03-14 20:28:02]   Tournament teams: 68
[2026-03-14 20:28:02]   Filtered to 3,828 games involving tournament teams
[2026-03-14 20:28:02]   Fitting GLM with 353 unique teams...
[2026-03-14 20:28:11]   GLM Quality range: -29.56 to 29.13
[2026-03-14 20:28:11] 
  Top 5 teams by GLM Quality (M):
[2026-03-14 20:28:11]      1. Team 1211: 29.13
[2026-03-14 20:28:11]      2. Team 1181: 28.12
[2026-03-14 20:28:11]      3. Team 1438: 26.58
[2026-03-14 20:28:11]      4. Team 1314: 25.19
[2026-03-14 20:28:11]      5. Team 1277: 25.18
[2026-03-14 20:28:11] 
Season 2019 - W:
[2026-03-14 20:28:11]   Symmetric games: 10,480
[2026-03-14 20:28:11]   Tournament teams: 64
[2026-03-14 20:28:11]   Filtered to 3,468 games involving tournament teams
[2026-03-14 20:28:11]   Fitting GLM with 351 unique teams...
[2026-03-14 20:28:20]   GLM Quality range: -36.82 to 42.28
[2026-03-14 20:28:20] 
  Top 5 teams by GLM Quality (W):
[2026-03-14 20:28:20]      1. Team 3163: 42.28
[2026-03-14 20:28:20]      2. Team 3323: 41.40
[2026-03-14 20:28:20]      3. Team 3124: 40.55
[2026-03-14 20:28:20]      4. Team 3280: 40.36
[2026-03-14 20:28:20]      5. Team 3332: 36.48
[2026-03-14 20:28:20] 
Season 2020 - M:
[2026-03-14 20:28:20]   Symmetric games: 10,656
[2026-03-14 20:28:20]   Fitting GLM with 353 unique teams...
[2026-03-14 20:28:41]   GLM Quality range: -28.86 to 25.17
[2026-03-14 20:28:41] 
  Top 5 teams by GLM Quality (M):
[2026-03-14 20:28:41]      1. Team 1242: 25.17
[2026-03-14 20:28:41]      2. Team 1211: 22.91
[2026-03-14 20:28:41]      3. Team 1181: 22.84
[2026-03-14 20:28:41]      4. Team 1277: 22.13
[2026-03-14 20:28:41]      5. Team 1124: 20.34
[2026-03-14 20:28:41] 
Season 2020 - W:
[2026-03-14 20:28:41]   Symmetric games: 10,342
[2026-03-14 20:28:41]   Fitting GLM with 351 unique teams...
[2026-03-14 20:29:01]   GLM Quality range: -30.16 to 43.24
[2026-03-14 20:29:01] 
  Top 5 teams by GLM Quality (W):
[2026-03-14 20:29:01]      1. Team 3332: 43.24
[2026-03-14 20:29:01]      2. Team 3124: 41.55
[2026-03-14 20:29:01]      3. Team 3376: 41.49
[2026-03-14 20:29:01]      4. Team 3268: 39.64
[2026-03-14 20:29:01]      5. Team 3163: 38.18
[2026-03-14 20:29:01] 
Season 2021 - M:
[2026-03-14 20:29:01]   Symmetric games: 7,710
[2026-03-14 20:29:01]   Tournament teams: 68
[2026-03-14 20:29:01]   Filtered to 2,848 games involving tournament teams
[2026-03-14 20:29:01]   Fitting GLM with 333 unique teams...
[2026-03-14 20:29:11]   GLM Quality range: -46.94 to 33.30
[2026-03-14 20:29:11] 
  Top 5 teams by GLM Quality (M):
[2026-03-14 20:29:11]      1. Team 1187: 33.30
[2026-03-14 20:29:11]      2. Team 1211: 25.75
[2026-03-14 20:29:11]      3. Team 1124: 25.70
[2026-03-14 20:29:11]      4. Team 1222: 24.30
[2026-03-14 20:29:11]      5. Team 1228: 23.40
[2026-03-14 20:29:11] 
Season 2021 - W:
[2026-03-14 20:29:11]   Symmetric games: 7,112
[2026-03-14 20:29:11]   Tournament teams: 64
[2026-03-14 20:29:11]   Filtered to 2,530 games involving tournament teams
[2026-03-14 20:29:11]   Fitting GLM with 327 unique teams...
[2026-03-14 20:29:18]   GLM Quality range: -56.44 to 49.65
[2026-03-14 20:29:18] 
  Top 5 teams by GLM Quality (W):
[2026-03-14 20:29:18]      1. Team 3390: 49.65
[2026-03-14 20:29:18]      2. Team 3417: 40.23
[2026-03-14 20:29:18]      3. Team 3332: 37.76
[2026-03-14 20:29:18]      4. Team 3112: 37.20
[2026-03-14 20:29:18]      5. Team 3268: 36.89
[2026-03-14 20:29:18] 
Season 2022 - M:
[2026-03-14 20:29:18]   Symmetric games: 10,690
[2026-03-14 20:29:18]   Tournament teams: 68
[2026-03-14 20:29:18]   Filtered to 3,718 games involving tournament teams
[2026-03-14 20:29:18]   Fitting GLM with 358 unique teams...
[2026-03-14 20:29:27]   GLM Quality range: -30.84 to 27.80
[2026-03-14 20:29:27] 
  Top 5 teams by GLM Quality (M):
[2026-03-14 20:29:27]      1. Team 1211: 27.80
[2026-03-14 20:29:27]      2. Team 1222: 26.29
[2026-03-14 20:29:27]      3. Team 1112: 25.32
[2026-03-14 20:29:27]      4. Team 1124: 25.29
[2026-03-14 20:29:27]      5. Team 1242: 24.57
[2026-03-14 20:29:27] 
Season 2022 - W:
[2026-03-14 20:29:27]   Symmetric games: 10,120
[2026-03-14 20:29:27]   Tournament teams: 68
[2026-03-14 20:29:27]   Filtered to 3,482 games involving tournament teams
[2026-03-14 20:29:27]   Fitting GLM with 356 unique teams...
[2026-03-14 20:29:37]   GLM Quality range: -44.95 to 38.45
[2026-03-14 20:29:37] 
  Top 5 teams by GLM Quality (W):
[2026-03-14 20:29:37]      1. Team 3376: 38.45
[2026-03-14 20:29:37]      2. Team 3301: 35.80
[2026-03-14 20:29:37]      3. Team 3390: 35.46
[2026-03-14 20:29:37]      4. Team 3400: 31.51
[2026-03-14 20:29:37]      5. Team 3163: 31.46
[2026-03-14 20:29:37] 
Season 2023 - M:
[2026-03-14 20:29:37]   Symmetric games: 11,204
[2026-03-14 20:29:37]   Tournament teams: 68
[2026-03-14 20:29:37]   Filtered to 3,770 games involving tournament teams
[2026-03-14 20:29:37]   Fitting GLM with 363 unique teams...
[2026-03-14 20:29:48]   GLM Quality range: -28.04 to 23.63
[2026-03-14 20:29:48] 
  Top 5 teams by GLM Quality (M):
[2026-03-14 20:29:48]      1. Team 1417: 23.63
[2026-03-14 20:29:48]      2. Team 1104: 22.87
[2026-03-14 20:29:48]      3. Team 1222: 22.80
[2026-03-14 20:29:48]      4. Team 1397: 21.34
[2026-03-14 20:29:48]      5. Team 1112: 21.28
[2026-03-14 20:29:48] 
Season 2023 - W:
[2026-03-14 20:29:48]   Symmetric games: 10,748
[2026-03-14 20:29:48]   Tournament teams: 68
[2026-03-14 20:29:48]   Filtered to 3,630 games involving tournament teams
[2026-03-14 20:29:48]   Fitting GLM with 361 unique teams...
[2026-03-14 20:29:58]   GLM Quality range: -39.88 to 45.26
[2026-03-14 20:29:58] 
  Top 5 teams by GLM Quality (W):
[2026-03-14 20:29:58]      1. Team 3376: 45.26
[2026-03-14 20:29:58]      2. Team 3390: 36.54
[2026-03-14 20:29:58]      3. Team 3163: 34.97
[2026-03-14 20:29:58]      4. Team 3261: 34.96
[2026-03-14 20:29:58]      5. Team 3231: 33.76
[2026-03-14 20:29:58] 
Season 2024 - M:
[2026-03-14 20:29:58]   Symmetric games: 11,214
[2026-03-14 20:29:58]   Tournament teams: 68
[2026-03-14 20:29:58]   Filtered to 3,804 games involving tournament teams
[2026-03-14 20:29:58]   Fitting GLM with 362 unique teams...
[2026-03-14 20:30:09]   GLM Quality range: -34.79 to 27.01
[2026-03-14 20:30:09] 
  Top 5 teams by GLM Quality (M):
[2026-03-14 20:30:09]      1. Team 1163: 27.01
[2026-03-14 20:30:09]      2. Team 1222: 26.77
[2026-03-14 20:30:09]      3. Team 1112: 24.87
[2026-03-14 20:30:09]      4. Team 1345: 24.62
[2026-03-14 20:30:09]      5. Team 1235: 23.85
[2026-03-14 20:30:09] 
Season 2024 - W:
[2026-03-14 20:30:09]   Symmetric games: 10,828
[2026-03-14 20:30:09]   Tournament teams: 68
[2026-03-14 20:30:09]   Filtered to 3,616 games involving tournament teams
[2026-03-14 20:30:09]   Fitting GLM with 360 unique teams...
[2026-03-14 20:30:19]   GLM Quality range: -37.75 to 44.00
[2026-03-14 20:30:19] 
  Top 5 teams by GLM Quality (W):
[2026-03-14 20:30:19]      1. Team 3376: 44.00
[2026-03-14 20:30:19]      2. Team 3163: 39.65
[2026-03-14 20:30:19]      3. Team 3234: 37.19
[2026-03-14 20:30:19]      4. Team 3400: 36.21
[2026-03-14 20:30:19]      5. Team 3323: 33.24
[2026-03-14 20:30:19] 
Season 2025 - M:
[2026-03-14 20:30:19]   Symmetric games: 11,282
[2026-03-14 20:30:19]   Tournament teams: 68
[2026-03-14 20:30:19]   Filtered to 3,704 games involving tournament teams
[2026-03-14 20:30:19]   Fitting GLM with 364 unique teams...
[2026-03-14 20:30:29]   GLM Quality range: -31.39 to 30.45
[2026-03-14 20:30:29] 
  Top 5 teams by GLM Quality (M):
[2026-03-14 20:30:29]      1. Team 1181: 30.45
[2026-03-14 20:30:29]      2. Team 1222: 29.29
[2026-03-14 20:30:29]      3. Team 1120: 28.92
[2026-03-14 20:30:29]      4. Team 1196: 28.40
[2026-03-14 20:30:29]      5. Team 1104: 26.17
[2026-03-14 20:30:29] 
Season 2025 - W:
[2026-03-14 20:30:29]   Symmetric games: 10,888
[2026-03-14 20:30:29]   Tournament teams: 68
[2026-03-14 20:30:29]   Filtered to 3,616 games involving tournament teams
[2026-03-14 20:30:29]   Fitting GLM with 362 unique teams...
[2026-03-14 20:30:39]   GLM Quality range: -40.49 to 45.26
[2026-03-14 20:30:39] 
  Top 5 teams by GLM Quality (W):
[2026-03-14 20:30:39]      1. Team 3376: 45.26
[2026-03-14 20:30:39]      2. Team 3163: 43.79
[2026-03-14 20:30:39]      3. Team 3400: 41.92
[2026-03-14 20:30:39]      4. Team 3323: 39.49
[2026-03-14 20:30:39]      5. Team 3417: 39.34
[2026-03-14 20:30:39] 
Season 2026 - M:
[2026-03-14 20:30:39]   Symmetric games: 10,298
[2026-03-14 20:30:39]   Fitting GLM with 365 unique teams...
[2026-03-14 20:31:02]   GLM Quality range: -27.94 to 34.33
[2026-03-14 20:31:02] 
  Top 5 teams by GLM Quality (M):
[2026-03-14 20:31:02]      1. Team 1276: 34.33
[2026-03-14 20:31:02]      2. Team 1181: 32.49
[2026-03-14 20:31:02]      3. Team 1112: 30.26
[2026-03-14 20:31:02]      4. Team 1196: 28.67
[2026-03-14 20:31:02]      5. Team 1228: 27.46
[2026-03-14 20:31:02] 
Season 2026 - W:
[2026-03-14 20:31:03]   Symmetric games: 10,130
[2026-03-14 20:31:03]   Fitting GLM with 363 unique teams...
[2026-03-14 20:31:24]   GLM Quality range: -33.99 to 51.82
[2026-03-14 20:31:24] 
  Top 5 teams by GLM Quality (W):
[2026-03-14 20:31:24]      1. Team 3163: 51.82
[2026-03-14 20:31:24]      2. Team 3417: 48.71
[2026-03-14 20:31:24]      3. Team 3376: 48.26
[2026-03-14 20:31:24]      4. Team 3261: 46.84
[2026-03-14 20:31:24]      5. Team 3400: 46.40
[2026-03-14 20:31:24] 
======================================================================
                            Saving Ratings                            
======================================================================
[2026-03-14 20:31:24] Saved: /Users/rafeburns/Downloads/MMML26/processed/bradley_terry_ratings.pkl
[2026-03-14 20:31:24] Saved: /Users/rafeburns/Downloads/MMML26/processed/elo_ratings.pkl
[2026-03-14 20:31:24] Saved: /Users/rafeburns/Downloads/MMML26/processed/glm_quality_ratings.pkl
[2026-03-14 20:31:25] Saved: /Users/rafeburns/Downloads/MMML26/processed/all_ratings.csv
[2026-03-14 20:31:25] 
======================================================================
                      PHASE 2 COMPLETE - SUMMARY                      
======================================================================
[2026-03-14 20:31:25] 
Ratings computed for 24 seasons
[2026-03-14 20:31:25] 
Bradley-Terry strength:
[2026-03-14 20:31:25]   Mean: -0.00
[2026-03-14 20:31:25]   Std: 10.30
[2026-03-14 20:31:25]   Range: -40.79 to 48.65
[2026-03-14 20:31:25] 
Elo ratings:
[2026-03-14 20:31:25]   Mean: 1500
[2026-03-14 20:31:25]   Std: 116
[2026-03-14 20:31:25]   Range: 1193 to 1857
[2026-03-14 20:31:25] 
GLM Quality:
[2026-03-14 20:31:25]   Mean: -0.00
[2026-03-14 20:31:25]   Std: 12.73
[2026-03-14 20:31:25]   Range: -56.44 to 51.92
[2026-03-14 20:31:25] 
Home court advantage (Bradley-Terry):
[2026-03-14 20:31:25]   Mean: 3.35 points
[2026-03-14 20:31:25]   Range: 2.23 to 4.39
[2026-03-14 20:31:25] 
Rating correlations (from combined CSV):
[2026-03-14 20:31:25]   BT vs Elo: 0.826
[2026-03-14 20:31:25]   BT vs GLM: 0.920
[2026-03-14 20:31:25]   Elo vs GLM: 0.708
[2026-03-14 20:31:25] 
Outputs saved to: /Users/rafeburns/Downloads/MMML26/processed
[2026-03-14 20:31:25] Log saved to: /Users/rafeburns/Downloads/MMML26/outputs/02_team_strength_ratings.log
[2026-03-14 20:31:25] ======================================================================
