[2026-03-15 08:38:06] 
======================================================================
                       PHASE 4: MODEL TRAINING                        
======================================================================
[2026-03-15 08:38:06] 
======================================================================
                        Loading Training Data                         
======================================================================
[2026-03-15 08:38:06] Loaded training features: 4,820 samples
[2026-03-15 08:38:06] Feature columns: 59
[2026-03-15 08:38:06] Seasons in data: [2003, 2004, 2005, 2006, 2007, 2008, 2009, 2010, 2011, 2012, 2013, 2014, 2015, 2016, 2017, 2018, 2019, 2021, 2022, 2023, 2024, 2025]
[2026-03-15 08:38:06] Genders in data: ['M', 'W']
[2026-03-15 08:38:06] NOTE: Training SEPARATE models for each gender
[2026-03-15 08:38:06] Missing values before imputation: 0
[2026-03-15 08:38:06] 
Target (PointDiff) statistics:
[2026-03-15 08:38:06]   Mean: 0.00
[2026-03-15 08:38:06]   Std: 17.72
[2026-03-15 08:38:06]   Min: -89
[2026-03-15 08:38:06]   Max: 89
[2026-03-15 08:38:06] 
======================================================================
                Training XGBoost Models - M (LOSO CV)                 
======================================================================
[2026-03-15 08:38:06] 
M dataset: 2,898 samples
[2026-03-15 08:38:06] Seasons: [2003, 2004, 2005, 2006, 2007, 2008, 2009, 2010, 2011, 2012, 2013, 2014, 2015, 2016, 2017, 2018, 2019, 2021, 2022, 2023, 2024, 2025]
[2026-03-15 08:38:08] 
Training (M) with LOSO CV across 22 seasons...
[2026-03-15 08:38:08] Features: 59
[2026-03-15 08:38:08] Samples: 2,898
[2026-03-15 08:38:08] Early stopping rounds: 50
[2026-03-15 08:38:08] 
--- Holdout Season: 2003 ---
[2026-03-15 08:38:08]   Training samples: 2,770
[2026-03-15 08:38:08]   Validation samples: 128
[2026-03-15 08:38:09]   Best iteration: 227
[2026-03-15 08:38:09]   Validation MAE: 8.780
[2026-03-15 08:38:09]   Validation RMSE: 11.142
[2026-03-15 08:38:09]   Top 5 features (gain):
[2026-03-15 08:38:09]     - Rank_POM_diff: 16340.4
[2026-03-15 08:38:09]     - Rank_MOR_diff: 11503.1
[2026-03-15 08:38:09]     - bt_diff: 8162.4
[2026-03-15 08:38:09]     - quality_diff: 5482.5
[2026-03-15 08:38:09]     - Rank_DOL_diff: 5107.0
[2026-03-15 08:38:09] 
--- Holdout Season: 2004 ---
[2026-03-15 08:38:09]   Training samples: 2,770
[2026-03-15 08:38:09]   Validation samples: 128
[2026-03-15 08:38:11]   Best iteration: 345
[2026-03-15 08:38:11]   Validation MAE: 7.827
[2026-03-15 08:38:11]   Validation RMSE: 10.202
[2026-03-15 08:38:11]   Top 5 features (gain):
[2026-03-15 08:38:11]     - Rank_POM_diff: 14289.1
[2026-03-15 08:38:11]     - Rank_MOR_diff: 10627.4
[2026-03-15 08:38:11]     - bt_diff: 7866.1
[2026-03-15 08:38:11]     - quality_diff: 6196.9
[2026-03-15 08:38:11]     - Rank_DOL_diff: 4057.6
[2026-03-15 08:38:11] 
--- Holdout Season: 2005 ---
[2026-03-15 08:38:11]   Training samples: 2,770
[2026-03-15 08:38:11]   Validation samples: 128
[2026-03-15 08:38:12]   Best iteration: 169
[2026-03-15 08:38:12]   Validation MAE: 7.628
[2026-03-15 08:38:12]   Validation RMSE: 9.159
[2026-03-15 08:38:12]   Top 5 features (gain):
[2026-03-15 08:38:12]     - Rank_POM_diff: 16292.6
[2026-03-15 08:38:12]     - Rank_MOR_diff: 13245.6
[2026-03-15 08:38:12]     - bt_diff: 7655.8
[2026-03-15 08:38:12]     - quality_diff: 7282.5
[2026-03-15 08:38:12]     - Rank_DOL_diff: 5211.4
[2026-03-15 08:38:12] 
--- Holdout Season: 2006 ---
[2026-03-15 08:38:12]   Training samples: 2,770
[2026-03-15 08:38:12]   Validation samples: 128
[2026-03-15 08:38:14]   Best iteration: 196
[2026-03-15 08:38:14]   Validation MAE: 8.183
[2026-03-15 08:38:14]   Validation RMSE: 9.802
[2026-03-15 08:38:14]   Top 5 features (gain):
[2026-03-15 08:38:14]     - Rank_POM_diff: 16301.3
[2026-03-15 08:38:14]     - Rank_MOR_diff: 11535.5
[2026-03-15 08:38:14]     - bt_diff: 8979.8
[2026-03-15 08:38:14]     - quality_diff: 6901.5
[2026-03-15 08:38:14]     - Rank_DOL_diff: 5576.7
[2026-03-15 08:38:14] 
--- Holdout Season: 2007 ---
[2026-03-15 08:38:14]   Training samples: 2,770
[2026-03-15 08:38:14]   Validation samples: 128
[2026-03-15 08:38:16]   Best iteration: 361
[2026-03-15 08:38:16]   Validation MAE: 7.990
[2026-03-15 08:38:16]   Validation RMSE: 10.592
[2026-03-15 08:38:16]   Top 5 features (gain):
[2026-03-15 08:38:16]     - Rank_POM_diff: 12243.9
[2026-03-15 08:38:16]     - Rank_MOR_diff: 11096.1
[2026-03-15 08:38:16]     - bt_diff: 8035.5
[2026-03-15 08:38:16]     - quality_diff: 5373.5
[2026-03-15 08:38:16]     - Seed_diff: 2792.9
[2026-03-15 08:38:16] 
--- Holdout Season: 2008 ---
[2026-03-15 08:38:16]   Training samples: 2,770
[2026-03-15 08:38:16]   Validation samples: 128
[2026-03-15 08:38:19]   Best iteration: 699
[2026-03-15 08:38:19]   Validation MAE: 9.381
[2026-03-15 08:38:19]   Validation RMSE: 11.317
[2026-03-15 08:38:19]   Top 5 features (gain):
[2026-03-15 08:38:19]     - Rank_MOR_diff: 10190.5
[2026-03-15 08:38:19]     - Rank_POM_diff: 9613.1
[2026-03-15 08:38:19]     - bt_diff: 6449.2
[2026-03-15 08:38:19]     - quality_diff: 5662.7
[2026-03-15 08:38:19]     - Rank_DOL_diff: 2952.1
[2026-03-15 08:38:19] 
--- Holdout Season: 2009 ---
[2026-03-15 08:38:19]   Training samples: 2,770
[2026-03-15 08:38:19]   Validation samples: 128
[2026-03-15 08:38:22]   Best iteration: 434
[2026-03-15 08:38:22]   Validation MAE: 9.324
[2026-03-15 08:38:22]   Validation RMSE: 12.044
[2026-03-15 08:38:22]   Top 5 features (gain):
[2026-03-15 08:38:22]     - Rank_POM_diff: 12480.8
[2026-03-15 08:38:22]     - Rank_MOR_diff: 10897.8
[2026-03-15 08:38:22]     - bt_diff: 7391.6
[2026-03-15 08:38:22]     - quality_diff: 5321.0
[2026-03-15 08:38:22]     - Seed_diff: 2341.7
[2026-03-15 08:38:22] 
--- Holdout Season: 2010 ---
[2026-03-15 08:38:22]   Training samples: 2,770
[2026-03-15 08:38:22]   Validation samples: 128
[2026-03-15 08:38:24]   Best iteration: 267
[2026-03-15 08:38:24]   Validation MAE: 8.226
[2026-03-15 08:38:24]   Validation RMSE: 10.257
[2026-03-15 08:38:24]   Top 5 features (gain):
[2026-03-15 08:38:24]     - Rank_POM_diff: 13763.7
[2026-03-15 08:38:24]     - Rank_MOR_diff: 12063.3
[2026-03-15 08:38:24]     - bt_diff: 8383.6
[2026-03-15 08:38:24]     - quality_diff: 5604.5
[2026-03-15 08:38:24]     - Rank_DOL_diff: 3472.4
[2026-03-15 08:38:24] 
--- Holdout Season: 2011 ---
[2026-03-15 08:38:24]   Training samples: 2,764
[2026-03-15 08:38:24]   Validation samples: 134
[2026-03-15 08:38:26]   Best iteration: 234
[2026-03-15 08:38:26]   Validation MAE: 8.741
[2026-03-15 08:38:26]   Validation RMSE: 11.203
[2026-03-15 08:38:26]   Top 5 features (gain):
[2026-03-15 08:38:26]     - Rank_MOR_diff: 13226.7
[2026-03-15 08:38:26]     - Rank_POM_diff: 12772.1
[2026-03-15 08:38:26]     - bt_diff: 8231.9
[2026-03-15 08:38:26]     - quality_diff: 6994.3
[2026-03-15 08:38:26]     - Rank_DOL_diff: 4506.5
[2026-03-15 08:38:26] 
--- Holdout Season: 2012 ---
[2026-03-15 08:38:26]   Training samples: 2,764
[2026-03-15 08:38:26]   Validation samples: 134
[2026-03-15 08:38:28]   Best iteration: 187
[2026-03-15 08:38:28]   Validation MAE: 7.459
[2026-03-15 08:38:28]   Validation RMSE: 9.515
[2026-03-15 08:38:28]   Top 5 features (gain):
[2026-03-15 08:38:28]     - Rank_MOR_diff: 14864.8
[2026-03-15 08:38:28]     - Rank_POM_diff: 13819.1
[2026-03-15 08:38:28]     - bt_diff: 8260.2
[2026-03-15 08:38:28]     - quality_diff: 6349.7
[2026-03-15 08:38:28]     - Seed_diff: 5012.1
[2026-03-15 08:38:28] 
--- Holdout Season: 2013 ---
[2026-03-15 08:38:28]   Training samples: 2,764
[2026-03-15 08:38:28]   Validation samples: 134
[2026-03-15 08:38:30]   Best iteration: 258
[2026-03-15 08:38:30]   Validation MAE: 10.966
[2026-03-15 08:38:30]   Validation RMSE: 13.737
[2026-03-15 08:38:30]   Top 5 features (gain):
[2026-03-15 08:38:30]     - Rank_MOR_diff: 13100.9
[2026-03-15 08:38:30]     - Rank_POM_diff: 12859.0
[2026-03-15 08:38:30]     - bt_diff: 7363.1
[2026-03-15 08:38:30]     - quality_diff: 4976.6
[2026-03-15 08:38:30]     - Seed_diff: 4336.3
[2026-03-15 08:38:30] 
--- Holdout Season: 2014 ---
[2026-03-15 08:38:30]   Training samples: 2,764
[2026-03-15 08:38:30]   Validation samples: 134
[2026-03-15 08:38:32]   Best iteration: 313
[2026-03-15 08:38:32]   Validation MAE: 8.533
[2026-03-15 08:38:32]   Validation RMSE: 10.631
[2026-03-15 08:38:32]   Top 5 features (gain):
[2026-03-15 08:38:32]     - Rank_POM_diff: 13247.5
[2026-03-15 08:38:32]     - Rank_MOR_diff: 10773.0
[2026-03-15 08:38:32]     - bt_diff: 8954.5
[2026-03-15 08:38:32]     - quality_diff: 4974.7
[2026-03-15 08:38:32]     - Seed_diff: 3411.4
[2026-03-15 08:38:32] 
--- Holdout Season: 2015 ---
[2026-03-15 08:38:32]   Training samples: 2,764
[2026-03-15 08:38:32]   Validation samples: 134
[2026-03-15 08:38:34]   Best iteration: 278
[2026-03-15 08:38:34]   Validation MAE: 7.711
[2026-03-15 08:38:34]   Validation RMSE: 9.819
[2026-03-15 08:38:34]   Top 5 features (gain):
[2026-03-15 08:38:34]     - Rank_POM_diff: 16435.3
[2026-03-15 08:38:34]     - Rank_MOR_diff: 10564.9
[2026-03-15 08:38:34]     - bt_diff: 7404.0
[2026-03-15 08:38:34]     - quality_diff: 5758.7
[2026-03-15 08:38:34]     - Rank_DOL_diff: 3393.1
[2026-03-15 08:38:34] 
--- Holdout Season: 2016 ---
[2026-03-15 08:38:34]   Training samples: 2,764
[2026-03-15 08:38:34]   Validation samples: 134
[2026-03-15 08:38:36]   Best iteration: 380
[2026-03-15 08:38:36]   Validation MAE: 9.390
[2026-03-15 08:38:36]   Validation RMSE: 12.229
[2026-03-15 08:38:36]   Top 5 features (gain):
[2026-03-15 08:38:36]     - Rank_MOR_diff: 11763.6
[2026-03-15 08:38:36]     - Rank_POM_diff: 11532.5
[2026-03-15 08:38:36]     - quality_diff: 7215.1
[2026-03-15 08:38:36]     - bt_diff: 7048.9
[2026-03-15 08:38:36]     - Rank_DOL_diff: 3780.3
[2026-03-15 08:38:36] 
--- Holdout Season: 2017 ---
[2026-03-15 08:38:36]   Training samples: 2,764
[2026-03-15 08:38:36]   Validation samples: 134
[2026-03-15 08:38:38]   Best iteration: 270
[2026-03-15 08:38:38]   Validation MAE: 7.827
[2026-03-15 08:38:38]   Validation RMSE: 10.483
[2026-03-15 08:38:38]   Top 5 features (gain):
[2026-03-15 08:38:38]     - Rank_POM_diff: 14514.3
[2026-03-15 08:38:38]     - Rank_MOR_diff: 11725.3
[2026-03-15 08:38:38]     - quality_diff: 7077.5
[2026-03-15 08:38:38]     - bt_diff: 6529.9
[2026-03-15 08:38:38]     - Seed_diff: 3181.3
[2026-03-15 08:38:38] 
--- Holdout Season: 2018 ---
[2026-03-15 08:38:38]   Training samples: 2,764
[2026-03-15 08:38:38]   Validation samples: 134
[2026-03-15 08:38:40]   Best iteration: 157
[2026-03-15 08:38:40]   Validation MAE: 8.837
[2026-03-15 08:38:40]   Validation RMSE: 11.775
[2026-03-15 08:38:40]   Top 5 features (gain):
[2026-03-15 08:38:40]     - Rank_POM_diff: 14912.9
[2026-03-15 08:38:40]     - Rank_MOR_diff: 13608.9
[2026-03-15 08:38:40]     - bt_diff: 9192.1
[2026-03-15 08:38:40]     - quality_diff: 8464.9
[2026-03-15 08:38:40]     - Rank_DOL_diff: 3507.4
[2026-03-15 08:38:40] 
--- Holdout Season: 2019 ---
[2026-03-15 08:38:40]   Training samples: 2,764
[2026-03-15 08:38:40]   Validation samples: 134
[2026-03-15 08:38:42]   Best iteration: 384
[2026-03-15 08:38:42]   Validation MAE: 9.487
[2026-03-15 08:38:42]   Validation RMSE: 11.607
[2026-03-15 08:38:42]   Top 5 features (gain):
[2026-03-15 08:38:42]     - Rank_POM_diff: 14318.2
[2026-03-15 08:38:42]     - Rank_MOR_diff: 9194.4
[2026-03-15 08:38:42]     - bt_diff: 7762.1
[2026-03-15 08:38:42]     - quality_diff: 5368.8
[2026-03-15 08:38:42]     - Seed_diff: 3271.7
[2026-03-15 08:38:42] 
--- Holdout Season: 2021 ---
[2026-03-15 08:38:42]   Training samples: 2,766
[2026-03-15 08:38:42]   Validation samples: 132
[2026-03-15 08:38:44]   Best iteration: 321
[2026-03-15 08:38:44]   Validation MAE: 10.398
[2026-03-15 08:38:44]   Validation RMSE: 12.284
[2026-03-15 08:38:44]   Top 5 features (gain):
[2026-03-15 08:38:44]     - Rank_POM_diff: 13309.3
[2026-03-15 08:38:44]     - Rank_MOR_diff: 10946.8
[2026-03-15 08:38:44]     - bt_diff: 7531.6
[2026-03-15 08:38:44]     - quality_diff: 6952.5
[2026-03-15 08:38:44]     - Seed_diff: 3151.5
[2026-03-15 08:38:44] 
--- Holdout Season: 2022 ---
[2026-03-15 08:38:44]   Training samples: 2,764
[2026-03-15 08:38:44]   Validation samples: 134
[2026-03-15 08:38:45]   Best iteration: 188
[2026-03-15 08:38:45]   Validation MAE: 10.199
[2026-03-15 08:38:45]   Validation RMSE: 12.398
[2026-03-15 08:38:45]   Top 5 features (gain):
[2026-03-15 08:38:45]     - Rank_MOR_diff: 13902.5
[2026-03-15 08:38:45]     - Rank_POM_diff: 13087.8
[2026-03-15 08:38:45]     - bt_diff: 8436.7
[2026-03-15 08:38:45]     - quality_diff: 6977.0
[2026-03-15 08:38:45]     - Rank_DOL_diff: 3536.0
[2026-03-15 08:38:45] 
--- Holdout Season: 2023 ---
[2026-03-15 08:38:45]   Training samples: 2,764
[2026-03-15 08:38:45]   Validation samples: 134
[2026-03-15 08:38:47]   Best iteration: 196
[2026-03-15 08:38:47]   Validation MAE: 9.532
[2026-03-15 08:38:47]   Validation RMSE: 11.851
[2026-03-15 08:38:47]   Top 5 features (gain):
[2026-03-15 08:38:47]     - Rank_POM_diff: 14920.3
[2026-03-15 08:38:47]     - Rank_MOR_diff: 11354.9
[2026-03-15 08:38:47]     - bt_diff: 8813.3
[2026-03-15 08:38:47]     - quality_diff: 5674.8
[2026-03-15 08:38:47]     - Rank_DOL_diff: 3613.0
[2026-03-15 08:38:47] 
--- Holdout Season: 2024 ---
[2026-03-15 08:38:47]   Training samples: 2,764
[2026-03-15 08:38:47]   Validation samples: 134
[2026-03-15 08:38:50]   Best iteration: 464
[2026-03-15 08:38:50]   Validation MAE: 10.136
[2026-03-15 08:38:50]   Validation RMSE: 12.716
[2026-03-15 08:38:50]   Top 5 features (gain):
[2026-03-15 08:38:50]     - Rank_POM_diff: 12233.6
[2026-03-15 08:38:50]     - Rank_MOR_diff: 9759.4
[2026-03-15 08:38:50]     - bt_diff: 6676.9
[2026-03-15 08:38:50]     - quality_diff: 4903.3
[2026-03-15 08:38:50]     - Seed_diff: 2679.4
[2026-03-15 08:38:50] 
--- Holdout Season: 2025 ---
[2026-03-15 08:38:50]   Training samples: 2,764
[2026-03-15 08:38:50]   Validation samples: 134
[2026-03-15 08:38:54]   Best iteration: 692
[2026-03-15 08:38:54]   Validation MAE: 8.307
[2026-03-15 08:38:54]   Validation RMSE: 10.510
[2026-03-15 08:38:54]   Top 5 features (gain):
[2026-03-15 08:38:54]     - Rank_POM_diff: 10387.4
[2026-03-15 08:38:54]     - Rank_MOR_diff: 9403.8
[2026-03-15 08:38:54]     - bt_diff: 6249.2
[2026-03-15 08:38:54]     - quality_diff: 4529.4
[2026-03-15 08:38:54]     - Seed_diff: 2552.9
[2026-03-15 08:38:54] 
Trained 22 M models
[2026-03-15 08:38:54] 
======================================================================
                Training XGBoost Models - W (LOSO CV)                 
======================================================================
[2026-03-15 08:38:54] 
W dataset: 1,922 samples
[2026-03-15 08:38:54] Seasons: [2010, 2011, 2012, 2013, 2014, 2015, 2016, 2017, 2018, 2019, 2021, 2022, 2023, 2024, 2025]
[2026-03-15 08:38:54] 
Training (W) with LOSO CV across 15 seasons...
[2026-03-15 08:38:54] Features: 59
[2026-03-15 08:38:54] Samples: 1,922
[2026-03-15 08:38:54] Early stopping rounds: 50
[2026-03-15 08:38:54] 
--- Holdout Season: 2010 ---
[2026-03-15 08:38:54]   Training samples: 1,796
[2026-03-15 08:38:54]   Validation samples: 126
[2026-03-15 08:38:57]   Best iteration: 445
[2026-03-15 08:38:57]   Validation MAE: 9.224
[2026-03-15 08:38:57]   Validation RMSE: 11.077
[2026-03-15 08:38:57]   Top 5 features (gain):
[2026-03-15 08:38:57]     - bt_diff: 16813.6
[2026-03-15 08:38:57]     - quality_diff: 11362.5
[2026-03-15 08:38:57]     - Seed_diff: 4630.4
[2026-03-15 08:38:57]     - T1_seed: 1503.3
[2026-03-15 08:38:57]     - T2_bt: 1161.3
[2026-03-15 08:38:57] 
--- Holdout Season: 2011 ---
[2026-03-15 08:38:57]   Training samples: 1,796
[2026-03-15 08:38:57]   Validation samples: 126
[2026-03-15 08:38:58]   Best iteration: 183
[2026-03-15 08:38:58]   Validation MAE: 9.478
[2026-03-15 08:38:58]   Validation RMSE: 11.369
[2026-03-15 08:38:58]   Top 5 features (gain):
[2026-03-15 08:38:58]     - bt_diff: 17684.6
[2026-03-15 08:38:58]     - quality_diff: 13879.3
[2026-03-15 08:38:58]     - Seed_diff: 8795.9
[2026-03-15 08:38:58]     - T1_seed: 2542.7
[2026-03-15 08:38:58]     - T2_bt: 1510.5
[2026-03-15 08:38:58] 
--- Holdout Season: 2012 ---
[2026-03-15 08:38:58]   Training samples: 1,796
[2026-03-15 08:38:58]   Validation samples: 126
[2026-03-15 08:39:00]   Best iteration: 306
[2026-03-15 08:39:00]   Validation MAE: 8.386
[2026-03-15 08:39:00]   Validation RMSE: 10.316
[2026-03-15 08:39:00]   Top 5 features (gain):
[2026-03-15 08:39:00]     - bt_diff: 16077.0
[2026-03-15 08:39:00]     - quality_diff: 13260.4
[2026-03-15 08:39:00]     - Seed_diff: 5557.0
[2026-03-15 08:39:00]     - T1_seed: 2376.8
[2026-03-15 08:39:00]     - T2_bt: 1355.8
[2026-03-15 08:39:00] 
--- Holdout Season: 2013 ---
[2026-03-15 08:39:00]   Training samples: 1,796
[2026-03-15 08:39:00]   Validation samples: 126
[2026-03-15 08:39:03]   Best iteration: 682
[2026-03-15 08:39:03]   Validation MAE: 8.290
[2026-03-15 08:39:03]   Validation RMSE: 10.290
[2026-03-15 08:39:03]   Top 5 features (gain):
[2026-03-15 08:39:03]     - bt_diff: 14985.1
[2026-03-15 08:39:03]     - quality_diff: 12036.3
[2026-03-15 08:39:03]     - Seed_diff: 5593.5
[2026-03-15 08:39:03]     - T2_bt: 1009.3
[2026-03-15 08:39:03]     - T1_seed: 1003.5
[2026-03-15 08:39:03] 
--- Holdout Season: 2014 ---
[2026-03-15 08:39:03]   Training samples: 1,796
[2026-03-15 08:39:03]   Validation samples: 126
[2026-03-15 08:39:05]   Best iteration: 254
[2026-03-15 08:39:05]   Validation MAE: 10.676
[2026-03-15 08:39:05]   Validation RMSE: 12.636
[2026-03-15 08:39:05]   Top 5 features (gain):
[2026-03-15 08:39:05]     - bt_diff: 17427.0
[2026-03-15 08:39:05]     - quality_diff: 11854.3
[2026-03-15 08:39:05]     - Seed_diff: 6945.4
[2026-03-15 08:39:05]     - T2_bt: 1438.8
[2026-03-15 08:39:05]     - T1_quality: 1408.2
[2026-03-15 08:39:05] 
--- Holdout Season: 2015 ---
[2026-03-15 08:39:05]   Training samples: 1,796
[2026-03-15 08:39:05]   Validation samples: 126
[2026-03-15 08:39:07]   Best iteration: 362
[2026-03-15 08:39:07]   Validation MAE: 7.976
[2026-03-15 08:39:07]   Validation RMSE: 9.834
[2026-03-15 08:39:07]   Top 5 features (gain):
[2026-03-15 08:39:07]     - bt_diff: 15765.8
[2026-03-15 08:39:07]     - quality_diff: 13515.3
[2026-03-15 08:39:07]     - Seed_diff: 5108.9
[2026-03-15 08:39:07]     - T2_bt: 1308.6
[2026-03-15 08:39:07]     - T1_quality: 1264.0
[2026-03-15 08:39:07] 
--- Holdout Season: 2016 ---
[2026-03-15 08:39:07]   Training samples: 1,796
[2026-03-15 08:39:07]   Validation samples: 126
[2026-03-15 08:39:09]   Best iteration: 435
[2026-03-15 08:39:09]   Validation MAE: 9.698
[2026-03-15 08:39:09]   Validation RMSE: 12.111
[2026-03-15 08:39:09]   Top 5 features (gain):
[2026-03-15 08:39:09]     - bt_diff: 15714.4
[2026-03-15 08:39:09]     - quality_diff: 13136.9
[2026-03-15 08:39:09]     - Seed_diff: 5763.5
[2026-03-15 08:39:09]     - T1_seed: 1464.2
[2026-03-15 08:39:09]     - T1_quality: 1249.4
[2026-03-15 08:39:09] 
--- Holdout Season: 2017 ---
[2026-03-15 08:39:09]   Training samples: 1,796
[2026-03-15 08:39:09]   Validation samples: 126
[2026-03-15 08:39:13]   Best iteration: 699
[2026-03-15 08:39:13]   Validation MAE: 10.986
[2026-03-15 08:39:13]   Validation RMSE: 13.596
[2026-03-15 08:39:13]   Top 5 features (gain):
[2026-03-15 08:39:13]     - bt_diff: 14331.4
[2026-03-15 08:39:13]     - quality_diff: 12232.3
[2026-03-15 08:39:13]     - Seed_diff: 3417.5
[2026-03-15 08:39:13]     - T1_quality: 1154.6
[2026-03-15 08:39:13]     - T1_seed: 1069.8
[2026-03-15 08:39:13] 
--- Holdout Season: 2018 ---
[2026-03-15 08:39:13]   Training samples: 1,796
[2026-03-15 08:39:13]   Validation samples: 126
[2026-03-15 08:39:14]   Best iteration: 326
[2026-03-15 08:39:14]   Validation MAE: 12.087
[2026-03-15 08:39:14]   Validation RMSE: 15.293
[2026-03-15 08:39:14]   Top 5 features (gain):
[2026-03-15 08:39:14]     - bt_diff: 15086.3
[2026-03-15 08:39:14]     - quality_diff: 12823.9
[2026-03-15 08:39:14]     - Seed_diff: 6630.2
[2026-03-15 08:39:14]     - T1_quality: 1424.4
[2026-03-15 08:39:14]     - T1_bt: 1345.0
[2026-03-15 08:39:14] 
--- Holdout Season: 2019 ---
[2026-03-15 08:39:14]   Training samples: 1,796
[2026-03-15 08:39:14]   Validation samples: 126
[2026-03-15 08:39:18]   Best iteration: 606
[2026-03-15 08:39:18]   Validation MAE: 8.888
[2026-03-15 08:39:18]   Validation RMSE: 11.100
[2026-03-15 08:39:18]   Top 5 features (gain):
[2026-03-15 08:39:18]     - bt_diff: 15058.5
[2026-03-15 08:39:18]     - quality_diff: 11838.3
[2026-03-15 08:39:18]     - Seed_diff: 4204.9
[2026-03-15 08:39:18]     - T1_quality: 1083.4
[2026-03-15 08:39:18]     - T1_bt: 1033.9
[2026-03-15 08:39:18] 
--- Holdout Season: 2021 ---
[2026-03-15 08:39:18]   Training samples: 1,796
[2026-03-15 08:39:18]   Validation samples: 126
[2026-03-15 08:39:20]   Best iteration: 352
[2026-03-15 08:39:20]   Validation MAE: 9.847
[2026-03-15 08:39:20]   Validation RMSE: 11.793
[2026-03-15 08:39:20]   Top 5 features (gain):
[2026-03-15 08:39:20]     - bt_diff: 16702.3
[2026-03-15 08:39:20]     - quality_diff: 11335.5
[2026-03-15 08:39:20]     - Seed_diff: 4699.2
[2026-03-15 08:39:20]     - T1_seed: 1560.9
[2026-03-15 08:39:20]     - T1_quality: 1435.6
[2026-03-15 08:39:20] 
--- Holdout Season: 2022 ---
[2026-03-15 08:39:20]   Training samples: 1,788
[2026-03-15 08:39:20]   Validation samples: 134
[2026-03-15 08:39:23]   Best iteration: 331
[2026-03-15 08:39:23]   Validation MAE: 11.034
[2026-03-15 08:39:23]   Validation RMSE: 13.389
[2026-03-15 08:39:23]   Top 5 features (gain):
[2026-03-15 08:39:23]     - bt_diff: 16278.1
[2026-03-15 08:39:23]     - quality_diff: 12299.3
[2026-03-15 08:39:23]     - Seed_diff: 5575.3
[2026-03-15 08:39:23]     - T1_quality: 1442.2
[2026-03-15 08:39:23]     - T2_quality: 1288.0
[2026-03-15 08:39:23] 
--- Holdout Season: 2023 ---
[2026-03-15 08:39:23]   Training samples: 1,788
[2026-03-15 08:39:23]   Validation samples: 134
[2026-03-15 08:39:24]   Best iteration: 262
[2026-03-15 08:39:24]   Validation MAE: 9.952
[2026-03-15 08:39:24]   Validation RMSE: 12.238
[2026-03-15 08:39:24]   Top 5 features (gain):
[2026-03-15 08:39:24]     - bt_diff: 17132.1
[2026-03-15 08:39:24]     - quality_diff: 12909.3
[2026-03-15 08:39:24]     - Seed_diff: 6133.2
[2026-03-15 08:39:24]     - T1_seed: 1756.6
[2026-03-15 08:39:24]     - T1_quality: 1430.0
[2026-03-15 08:39:24] 
--- Holdout Season: 2024 ---
[2026-03-15 08:39:24]   Training samples: 1,788
[2026-03-15 08:39:24]   Validation samples: 134
[2026-03-15 08:39:26]   Best iteration: 231
[2026-03-15 08:39:26]   Validation MAE: 8.368
[2026-03-15 08:39:26]   Validation RMSE: 10.581
[2026-03-15 08:39:26]   Top 5 features (gain):
[2026-03-15 08:39:26]     - bt_diff: 16825.5
[2026-03-15 08:39:26]     - quality_diff: 13377.5
[2026-03-15 08:39:26]     - Seed_diff: 6433.3
[2026-03-15 08:39:26]     - T1_quality: 1902.3
[2026-03-15 08:39:26]     - T2_seed: 1526.4
[2026-03-15 08:39:26] 
--- Holdout Season: 2025 ---
[2026-03-15 08:39:26]   Training samples: 1,788
[2026-03-15 08:39:26]   Validation samples: 134
[2026-03-15 08:39:30]   Best iteration: 681
[2026-03-15 08:39:30]   Validation MAE: 11.297
[2026-03-15 08:39:30]   Validation RMSE: 14.444
[2026-03-15 08:39:30]   Top 5 features (gain):
[2026-03-15 08:39:30]     - bt_diff: 13858.0
[2026-03-15 08:39:30]     - quality_diff: 10762.5
[2026-03-15 08:39:30]     - Seed_diff: 3639.4
[2026-03-15 08:39:30]     - T1_quality: 1173.6
[2026-03-15 08:39:30]     - T2_bt: 936.6
[2026-03-15 08:39:30] 
Trained 15 W models
[2026-03-15 08:39:30] 

Total models trained: 37
[2026-03-15 08:39:30] 
======================================================================
                        Out-of-Fold Evaluation                        
======================================================================
[2026-03-15 08:39:30] 
Overall OOF Metrics:
[2026-03-15 08:39:30]   MAE: 9.2181
[2026-03-15 08:39:30]   RMSE: 11.5830
[2026-03-15 08:39:30]   Correlation: 0.7573
[2026-03-15 08:39:30]   Accuracy: 0.7465
[2026-03-15 08:39:30]   Brier: 0.1697
[2026-03-15 08:39:30] 
Per-Gender Metrics:
[2026-03-15 08:39:30]   M: MAE=8.864, RMSE=11.216, Acc=71.0%, Brier=0.1898, N=2898
[2026-03-15 08:39:30]   W: MAE=9.753, RMSE=12.116, Acc=80.1%, Brier=0.1393, N=1922
[2026-03-15 08:39:30] 
Per-Season Metrics:
[2026-03-15 08:39:30]   Season 2003: MAE=8.780, RMSE=11.142, Acc=67.2%, Brier=0.1929, N=128
[2026-03-15 08:39:30]   Season 2004: MAE=7.827, RMSE=10.202, Acc=73.4%, Brier=0.1860, N=128
[2026-03-15 08:39:30]   Season 2005: MAE=7.628, RMSE=9.159, Acc=73.4%, Brier=0.1778, N=128
[2026-03-15 08:39:30]   Season 2006: MAE=8.183, RMSE=9.802, Acc=71.1%, Brier=0.1979, N=128
[2026-03-15 08:39:30]   Season 2007: MAE=7.990, RMSE=10.592, Acc=73.4%, Brier=0.1700, N=128
[2026-03-15 08:39:30]   Season 2008: MAE=9.381, RMSE=11.317, Acc=82.8%, Brier=0.1604, N=128
[2026-03-15 08:39:30]   Season 2009: MAE=9.324, RMSE=12.044, Acc=71.9%, Brier=0.1765, N=128
[2026-03-15 08:39:30]   Season 2010: MAE=8.721, RMSE=10.672, Acc=71.7%, Brier=0.1681, N=254
[2026-03-15 08:39:30]   Season 2011: MAE=9.098, RMSE=11.284, Acc=70.0%, Brier=0.1695, N=260
[2026-03-15 08:39:30]   Season 2012: MAE=7.908, RMSE=9.911, Acc=78.8%, Brier=0.1649, N=260
[2026-03-15 08:39:30]   Season 2013: MAE=9.669, RMSE=12.189, Acc=74.6%, Brier=0.1746, N=260
[2026-03-15 08:39:30]   Season 2014: MAE=9.572, RMSE=11.646, Acc=73.5%, Brier=0.1679, N=260
[2026-03-15 08:39:30]   Season 2015: MAE=7.839, RMSE=9.826, Acc=81.2%, Brier=0.1562, N=260
[2026-03-15 08:39:30]   Season 2016: MAE=9.539, RMSE=12.172, Acc=74.6%, Brier=0.1717, N=260
[2026-03-15 08:39:30]   Season 2017: MAE=9.358, RMSE=12.092, Acc=76.2%, Brier=0.1552, N=260
[2026-03-15 08:39:30]   Season 2018: MAE=10.412, RMSE=13.594, Acc=72.7%, Brier=0.1794, N=260
[2026-03-15 08:39:30]   Season 2019: MAE=9.196, RMSE=11.364, Acc=76.5%, Brier=0.1516, N=260
[2026-03-15 08:39:30]   Season 2021: MAE=10.129, RMSE=12.047, Acc=73.3%, Brier=0.1742, N=258
[2026-03-15 08:39:30]   Season 2022: MAE=10.617, RMSE=12.903, Acc=70.5%, Brier=0.1874, N=268
[2026-03-15 08:39:30]   Season 2023: MAE=9.742, RMSE=12.046, Acc=70.5%, Brier=0.1921, N=268
[2026-03-15 08:39:30]   Season 2024: MAE=9.252, RMSE=11.698, Acc=77.6%, Brier=0.1600, N=268
[2026-03-15 08:39:30]   Season 2025: MAE=9.802, RMSE=12.631, Acc=82.5%, Brier=0.1357, N=268
[2026-03-15 08:39:30] 
======================================================================
                     Feature Importance Analysis                      
======================================================================
[2026-03-15 08:39:30] 
Top 20 Features by Average Gain:
[2026-03-15 08:39:30]    1. Rank_POM_diff: 13621.55
[2026-03-15 08:39:30]    2. Rank_MOR_diff: 11606.78
[2026-03-15 08:39:30]    3. bt_diff: 11111.29
[2026-03-15 08:39:30]    4. quality_diff: 8666.65
[2026-03-15 08:39:30]    5. Seed_diff: 4211.37
[2026-03-15 08:39:30]    6. Rank_DOL_diff: 3449.54
[2026-03-15 08:39:30]    7. Rank_COL_diff: 2099.82
[2026-03-15 08:39:30]    8. Rank_RPI_diff: 1537.05
[2026-03-15 08:39:30]    9. T1_Rank_SAG: 1281.55
[2026-03-15 08:39:30]   10. T2_Rank_SAG: 1266.52
[2026-03-15 08:39:30]   11. T1_Rank_MOR: 1181.80
[2026-03-15 08:39:30]   12. T1_seed: 1155.53
[2026-03-15 08:39:30]   13. T2_Rank_MOR: 1132.66
[2026-03-15 08:39:30]   14. T1_quality: 1100.35
[2026-03-15 08:39:30]   15. Rank_SAG_diff: 1090.04
[2026-03-15 08:39:30]   16. T2_seed: 1068.23
[2026-03-15 08:39:30]   17. T2_Rank_DOL: 1066.22
[2026-03-15 08:39:30]   18. T1_Rank_POM: 1047.51
[2026-03-15 08:39:30]   19. T2_Rank_POM: 1043.56
[2026-03-15 08:39:30]   20. T1_Rank_DOL: 1039.34
[2026-03-15 08:39:30] 
Features never used by any model: ['men_women', 'T1_away_wins', 'T2_away_wins']
[2026-03-15 08:39:30] 
======================================================================
                            Error Analysis                            
======================================================================
[2026-03-15 08:39:30] 
Prediction Error Distribution:
[2026-03-15 08:39:30]   Mean error: -0.005
[2026-03-15 08:39:30]   Std error: 11.583
[2026-03-15 08:39:30]   25th percentile: -7.715
[2026-03-15 08:39:30]   50th percentile: -0.035
[2026-03-15 08:39:30]   75th percentile: 7.638
[2026-03-15 08:39:30] 
Largest Absolute Errors:
[2026-03-15 08:39:30]   Season 2016: Predicted -1.1, Actual -44.0, Error 42.9
[2026-03-15 08:39:30]   Season 2022: Predicted -1.4, Actual -44.0, Error 42.6
[2026-03-15 08:39:30]   Season 2022: Predicted 1.5, Actual 44.0, Error -42.5
[2026-03-15 08:39:30]   Season 2013: Predicted -3.7, Actual -46.0, Error 42.3
[2026-03-15 08:39:30]   Season 2013: Predicted 4.0, Actual 46.0, Error -42.0
[2026-03-15 08:39:30]   Season 2017: Predicted -47.1, Actual -89.0, Error 41.9
[2026-03-15 08:39:30]   Season 2017: Predicted 47.2, Actual 89.0, Error -41.8
[2026-03-15 08:39:30]   Season 2016: Predicted 2.2, Actual 44.0, Error -41.8
[2026-03-15 08:39:30]   Season 2018: Predicted -46.6, Actual -88.0, Error 41.4
[2026-03-15 08:39:30]   Season 2018: Predicted 47.1, Actual 88.0, Error -40.9
[2026-03-15 08:39:30] 
Incorrect Win Predictions (upsets): 1222 / 4820 (25.4%)
[2026-03-15 08:39:30] 
======================================================================
                    Saving Models and Predictions                     
======================================================================
[2026-03-15 08:39:30] Saved: /Users/rafeburns/Downloads/MMML26/models/xgb_loso_models.pkl
[2026-03-15 08:39:30]   Models: 37 (2 genders x 18 seasons)
[2026-03-15 08:39:30] Saved: /Users/rafeburns/Downloads/MMML26/processed/oof_predictions.csv
[2026-03-15 08:39:30] Saved: /Users/rafeburns/Downloads/MMML26/processed/feature_importance.csv
[2026-03-15 08:39:30] 
======================================================================
                      PHASE 4 COMPLETE - SUMMARY                      
======================================================================
[2026-03-15 08:39:30] 
Model Training Summary:
[2026-03-15 08:39:30]   - Genders: ['M', 'W']
[2026-03-15 08:39:30]   - Total models trained: 37
[2026-03-15 08:39:30]     - M models: 22
[2026-03-15 08:39:30]     - W models: 15
[2026-03-15 08:39:30]   - Features used: 59
[2026-03-15 08:39:30]   - Training samples: 4,820
[2026-03-15 08:39:30]   - OOF samples: 4,820
[2026-03-15 08:39:30] 
Key Metrics:
[2026-03-15 08:39:30]   - OOF MAE: 9.218 points
[2026-03-15 08:39:30]   - OOF RMSE: 11.583 points
[2026-03-15 08:39:30]   - Win Prediction Accuracy: 74.6%
[2026-03-15 08:39:30]   - Brier Score: 0.1697
[2026-03-15 08:39:30] 
Top 5 Most Important Features:
[2026-03-15 08:39:30]   1. Rank_POM_diff
[2026-03-15 08:39:30]   2. Rank_MOR_diff
[2026-03-15 08:39:30]   3. bt_diff
[2026-03-15 08:39:30]   4. quality_diff
[2026-03-15 08:39:30]   5. Seed_diff
[2026-03-15 08:39:30] 
Outputs saved to: /Users/rafeburns/Downloads/MMML26/models and /Users/rafeburns/Downloads/MMML26/processed
[2026-03-15 08:39:30] Log saved to: /Users/rafeburns/Downloads/MMML26/outputs/04_model_training.log
[2026-03-15 08:39:30] ======================================================================
